<?xml version="1.0" encoding="utf-8"?><testsuites name="pytest tests"><testsuite name="pytest" errors="0" failures="0" skipped="0" tests="16" time="47.494" timestamp="2026-07-07T14:10:14.485274+00:00" hostname="agent-env-71bfe53c-6e56-4d73-a3ad-82e18c69a6bf"><testcase classname="backend.tests.test_iteration34_plume_chat_solena.TestHealth" name="test_backend_url_configured" time="0.000" /><testcase classname="backend.tests.test_iteration34_plume_chat_solena.TestPlumeChatWithBirthData" name="test_success_true" time="4.480" /><testcase classname="backend.tests.test_iteration34_plume_chat_solena.TestPlumeChatWithBirthData" name="test_response_has_answer_field" time="0.000" /><testcase classname="backend.tests.test_iteration34_plume_chat_solena.TestPlumeChatWithBirthData" name="test_session_id_returned" time="0.000" /><testcase classname="backend.tests.test_iteration34_plume_chat_solena.TestPlumeChatWithBirthData" name="test_response_starts_with_opening_animation" time="0.000" /><testcase classname="backend.tests.test_iteration34_plume_chat_solena.TestPlumeChatWithBirthData" name="test_response_has_markdown_heading" time="0.000" /><testcase classname="backend.tests.test_iteration34_plume_chat_solena.TestPlumeChatWithBirthData" name="test_response_has_bold_text" time="0.000" /><testcase classname="backend.tests.test_iteration34_plume_chat_solena.TestPlumeChatWithBirthData" name="test_response_has_horizontal_separator" time="0.000" /><testcase classname="backend.tests.test_iteration34_plume_chat_solena.TestPlumeChatWithBirthData" name="test_response_mentions_astrological_config" time="0.000" /><testcase classname="backend.tests.test_iteration34_plume_chat_solena.TestPlumeChatWithBirthData" name="test_response_ends_with_open_question" time="0.000" /><testcase classname="backend.tests.test_iteration34_plume_chat_solena.TestPlumeChatWithBirthData" name="test_no_tool_leak_in_response" time="0.000" /><testcase classname="backend.tests.test_iteration34_plume_chat_solena.TestPlumeChatWithoutBirthData" name="test_no_birth_data_still_responds" time="14.316" /><testcase classname="backend.tests.test_iteration34_plume_chat_solena.TestPlumeChatWithoutBirthData" name="test_no_birth_data_asks_for_date" time="4.116" /><testcase classname="backend.tests.test_iteration34_plume_chat_solena.TestPlumeChatMultiTurn" name="test_two_successive_messages_same_session" time="21.273" /><testcase classname="backend.tests.test_iteration34_plume_chat_solena.TestPlumeChatEdgeCases" name="test_empty_message_rejected" time="0.048" /><testcase classname="backend.tests.test_iteration34_plume_chat_solena.TestPlumeChatEdgeCases" name="test_no_session_id_autogenerated" time="3.184" /></testsuite></testsuites>