<?xml version="1.0" encoding="utf-8"?><testsuites name="pytest tests"><testsuite name="pytest" errors="0" failures="0" skipped="0" tests="9" time="9.833" timestamp="2026-07-09T08:48:20.243596+00:00" hostname="agent-env-71bfe53c-6e56-4d73-a3ad-82e18c69a6bf"><testcase classname="backend.tests.test_iteration41_astrology_purge.TestHealth" name="test_root_api" time="0.221" /><testcase classname="backend.tests.test_iteration41_astrology_purge.TestKarmaDestiny" name="test_karma_destiny_paris" time="0.816" /><testcase classname="backend.tests.test_iteration41_astrology_purge.TestKarmaDestiny" name="test_karma_destiny_invalid_place_falls_back" time="0.633" /><testcase classname="backend.tests.test_iteration41_astrology_purge.TestNatalChart" name="test_natal_chart_v3" time="0.629" /><testcase classname="backend.tests.test_iteration41_astrology_purge.TestHoroscope" name="test_horoscope_daily" time="1.249" /><testcase classname="backend.tests.test_iteration41_astrology_purge.TestNatalEssentials" name="test_essentials_authenticated" time="1.518" /><testcase classname="backend.tests.test_iteration41_astrology_purge.TestEnergyToday" name="test_energy_today_four_sections" time="0.609" /><testcase classname="backend.tests.test_iteration41_astrology_purge.TestPlumeChat" name="test_solena_chat_openai_fallback" time="3.967" /><testcase classname="backend.tests.test_iteration41_astrology_purge.TestNoLegacyLeak" name="test_health_up_confirms_no_import_error" time="0.107" /></testsuite></testsuites>