<?xml version="1.0" encoding="utf-8"?><testsuites name="pytest tests"><testsuite name="pytest" errors="0" failures="0" skipped="0" tests="15" time="7.723" timestamp="2026-08-02T09:45:20.990680+00:00" hostname="agent-env-71bfe53c-6e56-4d73-a3ad-82e18c69a6bf"><testcase classname="backend.tests.test_iteration61_bundle_complementaires.TestAdminOrdersStats" name="test_admin_orders_returns_stats_object" time="3.871" /><testcase classname="backend.tests.test_iteration61_bundle_complementaires.TestAdminRefund" name="test_refund_no_auth_401" time="0.090" /><testcase classname="backend.tests.test_iteration61_bundle_complementaires.TestAdminRefund" name="test_refund_invalid_token_401" time="0.091" /><testcase classname="backend.tests.test_iteration61_bundle_complementaires.TestAdminRefund" name="test_refund_admin_nonexistent_404" time="0.390" /><testcase classname="backend.tests.test_iteration61_bundle_complementaires.TestAdminRefund" name="test_refund_admin_existing_200_and_cleanup" time="1.850" /><testcase classname="backend.tests.test_iteration61_bundle_complementaires.TestCercleStatusRefund" name="test_cercle_status_after_refund_returns_refunded" time="1.326" /><testcase classname="backend.tests.test_iteration61_bundle_complementaires.TestBatchFetchStructural" name="test_admin_orders_uses_in_filter" time="0.000" /><testcase classname="backend.tests.test_iteration61_bundle_complementaires.TestBatchFetchStructural" name="test_no_n_plus_one_in_main_path" time="0.000" /><testcase classname="backend.tests.test_iteration61_bundle_complementaires.TestJ30SequenceStructural" name="test_email_j30_exists" time="0.013" /><testcase classname="backend.tests.test_iteration61_bundle_complementaires.TestJ30SequenceStructural" name="test_process_transaction_handles_j30" time="0.000" /><testcase classname="backend.tests.test_iteration61_bundle_complementaires.TestJ30SequenceStructural" name="test_run_once_fetches_32d_range" time="0.000" /><testcase classname="backend.tests.test_iteration61_bundle_complementaires.TestJournalEmailGuests" name="test_module_exports" time="0.001" /><testcase classname="backend.tests.test_iteration61_bundle_complementaires.TestJournalEmailGuests" name="test_batch_returns_expected_keys" time="0.000" /><testcase classname="backend.tests.test_iteration61_bundle_complementaires.TestJournalEmailGuests" name="test_startup_launches_scheduler" time="0.001" /><testcase classname="backend.tests.test_iteration61_bundle_complementaires.TestBackendLogs" name="test_scheduler_started_in_logs" time="0.003" /></testsuite></testsuites>