<?xml version="1.0" encoding="utf-8"?><testsuites name="pytest tests"><testsuite name="pytest" errors="0" failures="0" skipped="0" tests="19" time="10.288" timestamp="2026-07-29T12:19:01.777254+00:00" hostname="agent-env-71bfe53c-6e56-4d73-a3ad-82e18c69a6bf"><testcase classname="backend.tests.test_iteration54_garyvee_refonte.TestPacks" name="test_theme_natal_pdf_oneshot_present_and_priced" time="0.153" /><testcase classname="backend.tests.test_iteration54_garyvee_refonte.TestPacks" name="test_consultation_ultime_present_and_priced" time="0.000" /><testcase classname="backend.tests.test_iteration54_garyvee_refonte.TestPacks" name="test_rencontres_ultime_present_and_priced" time="0.000" /><testcase classname="backend.tests.test_iteration54_garyvee_refonte.TestPacks" name="test_fenetre_rencontre_avancee_absent" time="0.000" /><testcase classname="backend.tests.test_iteration54_garyvee_refonte.TestServiceCosts" name="test_theme_natal_pdf_is_30" time="0.000" /><testcase classname="backend.tests.test_iteration54_garyvee_refonte.TestServiceCosts" name="test_chat_astral_is_10" time="0.000" /><testcase classname="backend.tests.test_iteration54_garyvee_refonte.TestThemeNatalCheckout" name="test_checkout_valid_returns_url_and_session_id" time="1.066" /><testcase classname="backend.tests.test_iteration54_garyvee_refonte.TestThemeNatalCheckout" name="test_checkout_missing_email" time="0.141" /><testcase classname="backend.tests.test_iteration54_garyvee_refonte.TestThemeNatalCheckout" name="test_checkout_missing_birth_time" time="0.093" /><testcase classname="backend.tests.test_iteration54_garyvee_refonte.TestThemeNatalCheckout" name="test_checkout_missing_birth_date" time="0.102" /><testcase classname="backend.tests.test_iteration54_garyvee_refonte.TestThemeNatalStatus" name="test_status_unknown_session_returns_404" time="0.270" /><testcase classname="backend.tests.test_iteration54_garyvee_refonte.TestThemeNatalStatus" name="test_status_of_created_session" time="0.274" /><testcase classname="backend.tests.test_iteration54_garyvee_refonte.TestCercleSolenaStatus" name="test_status_returns_active_false" time="0.941" /><testcase classname="backend.tests.test_iteration54_garyvee_refonte.TestCercleSolenaCheckout" name="test_checkout_normal_returns_503" time="0.103" /><testcase classname="backend.tests.test_iteration54_garyvee_refonte.TestCercleSolenaCheckout" name="test_checkout_premium_returns_503" time="0.094" /><testcase classname="backend.tests.test_iteration54_garyvee_refonte.TestFenetreRencontreRemoved" name="test_old_checkout_route_returns_404" time="0.095" /><testcase classname="backend.tests.test_iteration54_garyvee_refonte.TestChatV3" name="test_chat_endpoint_reachable" time="4.821" /><testcase classname="backend.tests.test_iteration54_garyvee_refonte.TestNoExistingCercleSubscribers" name="test_supabase_query_empty" time="0.507" /><testcase classname="backend.tests.test_iteration54_garyvee_refonte.TestWalletChatCreditsFallback" name="test_get_and_add_chat_credits_do_not_crash" time="1.548" /></testsuite></testsuites>