<?xml version="1.0" encoding="utf-8"?><testsuites name="pytest tests"><testsuite name="pytest" errors="0" failures="0" skipped="0" tests="8" time="5.383" timestamp="2026-08-14T12:59:36.007988+00:00" hostname="agent-env-71bfe53c-6e56-4d73-a3ad-82e18c69a6bf"><testcase classname="backend.tests.test_iteration77_admin_capi_ig_token.TestCapiHealth" name="test_no_auth_401" time="1.693" /><testcase classname="backend.tests.test_iteration77_admin_capi_ig_token.TestCapiHealth" name="test_non_admin_403" time="1.299" /><testcase classname="backend.tests.test_iteration77_admin_capi_ig_token.TestCapiHealth" name="test_admin_200" time="0.704" /><testcase classname="backend.tests.test_iteration77_admin_capi_ig_token.TestIgTokenRefresh" name="test_no_auth_401" time="0.170" /><testcase classname="backend.tests.test_iteration77_admin_capi_ig_token.TestIgTokenRefresh" name="test_admin_200" time="0.475" /><testcase classname="backend.tests.test_iteration77_admin_capi_ig_token.TestRegression" name="test_tarot_jour" time="0.124" /><testcase classname="backend.tests.test_iteration77_admin_capi_ig_token.TestRegression" name="test_apercu_discount" time="0.702" /><testcase classname="backend.tests.test_iteration77_admin_capi_ig_token.TestRegression" name="test_plume_chat_history_no_auth" time="0.143" /></testsuite></testsuites>