<?xml version="1.0" encoding="utf-8"?><testsuites name="pytest tests"><testsuite name="pytest" errors="0" failures="1" skipped="0" tests="16" time="10.792" timestamp="2026-08-02T12:28:15.837224+00:00" hostname="agent-env-71bfe53c-6e56-4d73-a3ad-82e18c69a6bf"><testcase classname="tests.test_iteration63_admin_cockpit_final.TestTestUserLogin" name="test_test_user_can_login" time="0.614" /><testcase classname="tests.test_iteration63_admin_cockpit_final.TestTestUserLogin" name="test_test_user_is_not_admin" time="0.750" /><testcase classname="tests.test_iteration63_admin_cockpit_final.TestSvgCacheStats" name="test_no_token_401" time="0.102" /><testcase classname="tests.test_iteration63_admin_cockpit_final.TestSvgCacheStats" name="test_non_admin_403" time="0.262" /><testcase classname="tests.test_iteration63_admin_cockpit_final.TestSvgCacheStats" name="test_admin_shape" time="2.522" /><testcase classname="tests.test_iteration63_admin_cockpit_final.TestWeeklyRecapNow" name="test_no_token_401" time="0.106" /><testcase classname="tests.test_iteration63_admin_cockpit_final.TestWeeklyRecapNow" name="test_non_admin_403" time="0.257" /><testcase classname="tests.test_iteration63_admin_cockpit_final.TestWeeklyRecapNow" name="test_admin_send_and_alerts_history" time="2.350" /><testcase classname="tests.test_iteration63_admin_cockpit_final.TestSlackRateLimit" name="test_rate_limit_429_on_second_call" time="0.490" /><testcase classname="tests.test_iteration63_admin_cockpit_final.TestWeeklyInsightsModule" name="test_import_module" time="0.386" /><testcase classname="tests.test_iteration63_admin_cockpit_final.TestRegressionIter62" name="test_admin_orders" time="0.519" /><testcase classname="tests.test_iteration63_admin_cockpit_final.TestRegressionIter62" name="test_admin_ab_stats" time="0.357" /><testcase classname="tests.test_iteration63_admin_cockpit_final.TestRegressionIter62" name="test_admin_settings" time="0.224" /><testcase classname="tests.test_iteration63_admin_cockpit_final.TestRegressionIter62" name="test_admin_orders_export" time="0.361" /><testcase classname="tests.test_iteration63_admin_cockpit_final.TestRegressionLanding" name="test_scarcity_200" time="1.246" /><testcase classname="tests.test_iteration63_admin_cockpit_final.TestRegressionLanding" name="test_checkout_valid_email" time="0.129"><failure message="AssertionError: checkout failed: 422 {&quot;detail&quot;:[{&quot;type&quot;:&quot;missing&quot;,&quot;loc&quot;:[&quot;body&quot;,&quot;origin_url&quot;],&quot;msg&quot;:&quot;Field required&quot;,&quot;input&quot;:{&quot;email&quot;:&quot;regression-iter63@plume-astrale.fr&quot;},&quot;url&quot;:&quot;https://errors.pydantic.dev/2.13/v/missing&quot;}]}&#10;assert 422 in (200, 201)&#10; +  where 422 = &lt;Response [422]&gt;.status_code">tests/test_iteration63_admin_cockpit_final.py:227: in test_checkout_valid_email
    assert r.status_code in (200, 201), f'checkout failed: {r.status_code} {r.text[:200]}'
E   AssertionError: checkout failed: 422 {"detail":[{"type":"missing","loc":["body","origin_url"],"msg":"Field required","input":{"email":"regression-iter63@plume-astrale.fr"},"url":"https://errors.pydantic.dev/2.13/v/missing"}]}
E   assert 422 in (200, 201)
E    +  where 422 = &lt;Response [422]&gt;.status_code</failure></testcase></testsuite></testsuites>