<?xml version="1.0" encoding="utf-8"?><testsuites name="pytest tests"><testsuite name="pytest" errors="0" failures="0" skipped="0" tests="9" time="81.791" timestamp="2026-07-17T18:01:14.369059+00:00" hostname="agent-env-71bfe53c-6e56-4d73-a3ad-82e18c69a6bf"><testcase classname="backend.tests.test_iteration47_pack_karmique_rencontres.TestPackKarmique" name="test_checkout_no_promo_returns_stripe_url" time="1.180" /><testcase classname="backend.tests.test_iteration47_pack_karmique_rencontres.TestPackKarmique" name="test_checkout_invalid_email_400" time="0.048" /><testcase classname="backend.tests.test_iteration47_pack_karmique_rencontres.TestPackKarmique" name="test_checkout_missing_birth_date_400" time="0.046" /><testcase classname="backend.tests.test_iteration47_pack_karmique_rencontres.TestPackKarmique" name="test_checkout_promo_bypass_and_polling" time="28.027" /><testcase classname="backend.tests.test_iteration47_pack_karmique_rencontres.TestRencontresUltime" name="test_checkout_missing_partner_firstname_400_french" time="0.184" /><testcase classname="backend.tests.test_iteration47_pack_karmique_rencontres.TestRencontresUltime" name="test_checkout_missing_partner_birthdate_400_french" time="0.047" /><testcase classname="backend.tests.test_iteration47_pack_karmique_rencontres.TestRencontresUltime" name="test_full_flow_reveal_checkout_bypass_polling" time="45.513" /><testcase classname="backend.tests.test_iteration47_pack_karmique_rencontres.TestRegression" name="test_kabbale_checkout_bypass" time="0.599" /><testcase classname="backend.tests.test_iteration47_pack_karmique_rencontres.TestRegression" name="test_astrology_v3_chat_success" time="6.079" /></testsuite></testsuites>