<?xml version="1.0" encoding="utf-8"?><testsuites name="pytest tests"><testsuite name="pytest" errors="0" failures="0" skipped="0" tests="16" time="9.824" timestamp="2026-07-09T07:58:21.378467+00:00" hostname="agent-env-71bfe53c-6e56-4d73-a3ad-82e18c69a6bf"><testcase classname="backend.tests.test_iteration39_health_check.TestBannerAndHealth" name="test_api_root_banner" time="0.182" /><testcase classname="backend.tests.test_iteration39_health_check.TestBannerAndHealth" name="test_api_health" time="0.043" /><testcase classname="backend.tests.test_iteration39_health_check.TestPlumeChat" name="test_plume_chat_with_birth_data" time="4.174" /><testcase classname="backend.tests.test_iteration39_health_check.TestUltimeStatus" name="test_status_missing_session_id" time="0.047" /><testcase classname="backend.tests.test_iteration39_health_check.TestUltimeStatus" name="test_status_empty_session_id" time="0.041" /><testcase classname="backend.tests.test_iteration39_health_check.TestUltimeStatus" name="test_status_unknown_session_id" time="1.428" /><testcase classname="backend.tests.test_iteration39_health_check.TestUltimeStatus" name="test_status_pre_seeded_delivered" time="0.541" /><testcase classname="backend.tests.test_iteration39_health_check.TestUltimeStatus" name="test_status_pre_seeded_pending" time="0.214" /><testcase classname="backend.tests.test_iteration39_health_check.TestRencontresReveal" name="test_reveal_returns_portrait" time="2.019" /><testcase classname="backend.tests.test_iteration39_health_check.TestRencontresReveal" name="test_capture_accepts_email_reveal_id_utm" time="0.993" /><testcase classname="backend.tests.test_iteration39_health_check.TestPacksAndServiceCosts" name="test_packs_endpoint_shape" time="0.046" /><testcase classname="backend.tests.test_iteration39_health_check.TestPacksAndServiceCosts" name="test_pack_initiation" time="0.000" /><testcase classname="backend.tests.test_iteration39_health_check.TestPacksAndServiceCosts" name="test_pack_clarte" time="0.000" /><testcase classname="backend.tests.test_iteration39_health_check.TestPacksAndServiceCosts" name="test_pack_flammes_jumelles" time="0.000" /><testcase classname="backend.tests.test_iteration39_health_check.TestPacksAndServiceCosts" name="test_service_costs_garyvee_grid" time="0.000" /><testcase classname="backend.tests.test_iteration39_health_check.TestPacksAndServiceCosts" name="test_service_costs_full_coverage" time="0.000" /></testsuite></testsuites>