<?xml version="1.0" encoding="utf-8"?><testsuites name="pytest tests"><testsuite name="pytest" errors="0" failures="0" skipped="0" tests="28" time="7.040" timestamp="2026-08-02T15:16:23.972453+00:00" hostname="agent-env-71bfe53c-6e56-4d73-a3ad-82e18c69a6bf"><testcase classname="backend.tests.test_iteration64_landing_v3_batch.TestTestimonialsPublic" name="test_get_testimonials_public_no_auth" time="0.812" /><testcase classname="backend.tests.test_iteration64_landing_v3_batch.TestTestimonialsPublic" name="test_seeds_have_required_fields" time="0.113" /><testcase classname="backend.tests.test_iteration64_landing_v3_batch.TestTestimonialsPublic" name="test_seeds_present_lea_sarah_manon" time="0.106" /><testcase classname="backend.tests.test_iteration64_landing_v3_batch.TestTestimonialsPublic" name="test_public_response_excludes_status" time="0.101" /><testcase classname="backend.tests.test_iteration64_landing_v3_batch.TestTestimonialSubmit" name="test_submit_without_auth_401" time="0.099" /><testcase classname="backend.tests.test_iteration64_landing_v3_batch.TestTestimonialSubmit" name="test_submit_with_user_auth_200" time="0.878" /><testcase classname="backend.tests.test_iteration64_landing_v3_batch.TestTestimonialSubmit" name="test_submit_name_too_short_422" time="0.094" /><testcase classname="backend.tests.test_iteration64_landing_v3_batch.TestTestimonialSubmit" name="test_submit_quote_too_short_422" time="0.138" /><testcase classname="backend.tests.test_iteration64_landing_v3_batch.TestTestimonialsAdminList" name="test_admin_list_no_auth_401" time="0.102" /><testcase classname="backend.tests.test_iteration64_landing_v3_batch.TestTestimonialsAdminList" name="test_admin_list_non_admin_403" time="0.308" /><testcase classname="backend.tests.test_iteration64_landing_v3_batch.TestTestimonialsAdminList" name="test_admin_list_admin_200_includes_pending" time="0.637" /><testcase classname="backend.tests.test_iteration64_landing_v3_batch.TestTestimonialAdminOps" name="test_approve_nonexistent_404" time="0.280" /><testcase classname="backend.tests.test_iteration64_landing_v3_batch.TestTestimonialAdminOps" name="test_delete_nonexistent_404" time="0.300" /><testcase classname="backend.tests.test_iteration64_landing_v3_batch.TestTestimonialAdminOps" name="test_approve_no_auth_401" time="0.098" /><testcase classname="backend.tests.test_iteration64_landing_v3_batch.TestTestimonialAdminOps" name="test_delete_non_admin_403" time="0.281" /><testcase classname="backend.tests.test_iteration64_landing_v3_batch.TestTestimonialAdminOps" name="test_full_lifecycle_submit_approve_delete" time="0.820" /><testcase classname="backend.tests.test_iteration64_landing_v3_batch.TestABTrack" name="test_track_variant_A_impression_200" time="0.094" /><testcase classname="backend.tests.test_iteration64_landing_v3_batch.TestABTrack" name="test_track_variant_B_cta_click_200" time="0.090" /><testcase classname="backend.tests.test_iteration64_landing_v3_batch.TestABTrack" name="test_track_signup_click" time="0.090" /><testcase classname="backend.tests.test_iteration64_landing_v3_batch.TestABTrack" name="test_track_invalid_variant_400" time="0.125" /><testcase classname="backend.tests.test_iteration64_landing_v3_batch.TestABTrack" name="test_track_invalid_event_400" time="0.089" /><testcase classname="backend.tests.test_iteration64_landing_v3_batch.TestABStats" name="test_ab_stats_no_auth_401" time="0.094" /><testcase classname="backend.tests.test_iteration64_landing_v3_batch.TestABStats" name="test_ab_stats_non_admin_403" time="0.244" /><testcase classname="backend.tests.test_iteration64_landing_v3_batch.TestABStats" name="test_ab_stats_admin_200_structure" time="0.227" /><testcase classname="backend.tests.test_iteration64_landing_v3_batch.TestABStats" name="test_ab_winner_null_when_low_impressions" time="0.249" /><testcase classname="backend.tests.test_iteration64_landing_v3_batch.TestRegression" name="test_health_ok" time="0.097" /><testcase classname="backend.tests.test_iteration64_landing_v3_batch.TestRegression" name="test_lecture_complete_scarcity_ok" time="0.241" /><testcase classname="backend.tests.test_iteration64_landing_v3_batch.TestRegression" name="test_admin_dashboard_stats_admin_ok" time="0.106" /></testsuite></testsuites>