<?xml version="1.0" encoding="utf-8"?><testsuites name="pytest tests"><testsuite name="pytest" errors="0" failures="0" skipped="0" tests="7" time="1.633" timestamp="2026-08-07T10:01:20.446121+00:00" hostname="agent-env-71bfe53c-6e56-4d73-a3ad-82e18c69a6bf"><testcase classname="backend.tests.test_iteration70_pdf_preview" name="test_pdf_preview_valid[astrocartographie]" time="0.279" /><testcase classname="backend.tests.test_iteration70_pdf_preview" name="test_pdf_preview_valid[kabbale]" time="0.221" /><testcase classname="backend.tests.test_iteration70_pdf_preview" name="test_pdf_preview_valid[karma-destin]" time="0.264" /><testcase classname="backend.tests.test_iteration70_pdf_preview" name="test_pdf_preview_valid[numerologie]" time="0.272" /><testcase classname="backend.tests.test_iteration70_pdf_preview" name="test_pdf_preview_valid[theme-natal]" time="0.230" /><testcase classname="backend.tests.test_iteration70_pdf_preview" name="test_pdf_preview_valid[synastrie]" time="0.198" /><testcase classname="backend.tests.test_iteration70_pdf_preview" name="test_pdf_preview_unknown_404" time="0.093" /></testsuite></testsuites>