<?xml version="1.0" encoding="utf-8"?><testsuites name="pytest tests"><testsuite name="pytest" errors="0" failures="0" skipped="0" tests="8" time="61.304" timestamp="2026-07-03T17:42:02.004245+00:00" hostname="agent-env-71bfe53c-6e56-4d73-a3ad-82e18c69a6bf"><testcase classname="backend.tests.test_iteration31_plume_chat_leak" name="test_v3_chat_no_tool_leak[Parle moi de ma Lune]" time="9.010" /><testcase classname="backend.tests.test_iteration31_plume_chat_leak" name="test_v3_chat_no_tool_leak[Quel est le sens de mon Ascendant en ce moment ?]" time="6.976" /><testcase classname="backend.tests.test_iteration31_plume_chat_leak" name="test_v3_chat_no_tool_leak[Que dit le tarot de ma semaine ?]" time="7.152" /><testcase classname="backend.tests.test_iteration31_plume_chat_leak" name="test_v3_chat_open_question_ending" time="5.874" /><testcase classname="backend.tests.test_iteration31_plume_chat_leak" name="test_v3_chat_health_barrier" time="5.565" /><testcase classname="backend.tests.test_iteration31_plume_chat_leak" name="test_plume_chat_no_tool_leak_anonymous" time="12.175" /><testcase classname="backend.tests.test_iteration31_plume_chat_leak" name="test_plume_chat_no_birth_data" time="8.438" /><testcase classname="backend.tests.test_iteration31_plume_chat_leak" name="test_plume_chat_health_barrier_anonymous" time="6.045" /></testsuite></testsuites>