<?xml version="1.0" encoding="utf-8"?><testsuites name="pytest tests"><testsuite name="pytest" errors="0" failures="0" skipped="3" tests="16" time="5.501" timestamp="2026-08-02T12:11:33.714045+00:00" hostname="agent-env-71bfe53c-6e56-4d73-a3ad-82e18c69a6bf"><testcase classname="backend.tests.test_iteration62_lc_admin_settings.TestAdminSettings" name="test_settings_401_no_token" time="0.118" /><testcase classname="backend.tests.test_iteration62_lc_admin_settings.TestAdminSettings" name="test_settings_403_non_admin" time="0.205"><skipped type="pytest.skip" message="Standard user login unavailable: Login plume_test_863a0303@gmail.com failed: 400 {&quot;code&quot;:400,&quot;error_code&quot;:&quot;invalid_credentials&quot;,&quot;msg&quot;:&quot;Invalid login credentials&quot;}&#10;assert 400 == 200&#10; +  where 400 = &lt;Response [400]&gt;.status_code">/app/backend/tests/test_iteration62_lc_admin_settings.py:55: Standard user login unavailable: Login plume_test_863a0303@gmail.com failed: 400 {"code":400,"error_code":"invalid_credentials","msg":"Invalid login credentials"}
assert 400 == 200
 +  where 400 = &lt;Response [400]&gt;.status_code</skipped></testcase><testcase classname="backend.tests.test_iteration62_lc_admin_settings.TestAdminSettings" name="test_settings_200_admin" time="0.610" /><testcase classname="backend.tests.test_iteration62_lc_admin_settings.TestSetForcedVariant" name="test_403_non_admin" time="0.000"><skipped type="pytest.skip" message="Standard user login unavailable: Login plume_test_863a0303@gmail.com failed: 400 {&quot;code&quot;:400,&quot;error_code&quot;:&quot;invalid_credentials&quot;,&quot;msg&quot;:&quot;Invalid login credentials&quot;}&#10;assert 400 == 200&#10; +  where 400 = &lt;Response [400]&gt;.status_code">/app/backend/tests/test_iteration62_lc_admin_settings.py:74: Standard user login unavailable: Login plume_test_863a0303@gmail.com failed: 400 {"code":400,"error_code":"invalid_credentials","msg":"Invalid login credentials"}
assert 400 == 200
 +  where 400 = &lt;Response [400]&gt;.status_code</skipped></testcase><testcase classname="backend.tests.test_iteration62_lc_admin_settings.TestSetForcedVariant" name="test_400_invalid" time="0.244" /><testcase classname="backend.tests.test_iteration62_lc_admin_settings.TestSetForcedVariant" name="test_set_question_then_reset" time="1.202" /><testcase classname="backend.tests.test_iteration62_lc_admin_settings.TestSlackTest" name="test_empty_returns_success_false" time="0.240" /><testcase classname="backend.tests.test_iteration62_lc_admin_settings.TestSlackTest" name="test_invalid_webhook" time="0.388" /><testcase classname="backend.tests.test_iteration62_lc_admin_settings.TestSlackTest" name="test_alert_history_logged" time="0.260" /><testcase classname="backend.tests.test_iteration62_lc_admin_settings.TestSequenceOverride" name="test_override_applied" time="0.002" /><testcase classname="backend.tests.test_iteration62_lc_admin_settings.TestRegressionAdmin" name="test_ab_stats" time="0.831" /><testcase classname="backend.tests.test_iteration62_lc_admin_settings.TestRegressionAdmin" name="test_orders_with_stats" time="0.593" /><testcase classname="backend.tests.test_iteration62_lc_admin_settings.TestRegressionAdmin" name="test_orders_export_csv" time="0.371" /><testcase classname="backend.tests.test_iteration62_lc_admin_settings.TestRegressionAdmin" name="test_ctr_refresh_admin_only" time="0.000"><skipped type="pytest.skip" message="Standard user login unavailable: Login plume_test_863a0303@gmail.com failed: 400 {&quot;code&quot;:400,&quot;error_code&quot;:&quot;invalid_credentials&quot;,&quot;msg&quot;:&quot;Invalid login credentials&quot;}&#10;assert 400 == 200&#10; +  where 400 = &lt;Response [400]&gt;.status_code">/app/backend/tests/test_iteration62_lc_admin_settings.py:194: Standard user login unavailable: Login plume_test_863a0303@gmail.com failed: 400 {"code":400,"error_code":"invalid_credentials","msg":"Invalid login credentials"}
assert 400 == 200
 +  where 400 = &lt;Response [400]&gt;.status_code</skipped></testcase><testcase classname="backend.tests.test_iteration62_lc_admin_settings.TestRegressionLanding" name="test_scarcity" time="0.252" /><testcase classname="backend.tests.test_iteration62_lc_admin_settings.TestRegressionLanding" name="test_checkout_bad_email" time="0.092" /></testsuite></testsuites>