<?xml version="1.0" encoding="utf-8"?><testsuites name="pytest tests"><testsuite name="pytest" errors="0" failures="0" skipped="0" tests="14" time="19.017" timestamp="2026-05-29T14:54:32.819481+00:00" hostname="agent-env-71bfe53c-6e56-4d73-a3ad-82e18c69a6bf"><testcase classname="backend.tests.test_iteration27_pricing" name="test_packs_service_costs_new_values" time="0.226" /><testcase classname="backend.tests.test_iteration27_pricing" name="test_auth_me_has_premium_and_balance" time="1.085" /><testcase classname="backend.tests.test_iteration27_pricing" name="test_credits_use_karma_destin_deducts_20" time="1.376" /><testcase classname="backend.tests.test_iteration27_pricing" name="test_credits_use_chat_astral_deducts_3" time="1.419" /><testcase classname="backend.tests.test_iteration27_pricing" name="test_chat_v3_refund_on_api_failure" time="2.791" /><testcase classname="backend.tests.test_iteration27_pricing" name="test_synastry_v3_requires_auth" time="0.110" /><testcase classname="backend.tests.test_iteration27_pricing" name="test_synastry_v3_auth_and_charge" time="2.863" /><testcase classname="backend.tests.test_iteration27_pricing" name="test_solar_return_v3_requires_auth" time="0.111" /><testcase classname="backend.tests.test_iteration27_pricing" name="test_solar_return_v3_charge_after_success" time="1.998" /><testcase classname="backend.tests.test_iteration27_pricing" name="test_love_languages_v3_requires_auth" time="0.096" /><testcase classname="backend.tests.test_iteration27_pricing" name="test_love_languages_v3_charge_after_success" time="1.712" /><testcase classname="backend.tests.test_iteration27_pricing" name="test_natal_pdf_v3_requires_auth" time="0.105" /><testcase classname="backend.tests.test_iteration27_pricing" name="test_natal_pdf_v3_refund_on_api_failure" time="2.360" /><testcase classname="backend.tests.test_iteration27_pricing" name="test_karma_destiny_public_rich_data" time="2.670" /></testsuite></testsuites>