<?xml version="1.0" encoding="utf-8"?><testsuites name="pytest tests"><testsuite name="pytest" errors="0" failures="1" skipped="0" tests="8" time="2.694" timestamp="2026-08-16T12:04:03.059027+00:00" hostname="agent-env-71bfe53c-6e56-4d73-a3ad-82e18c69a6bf"><testcase classname="backend.tests.test_iteration79_nocturne" name="test_health" time="0.223" /><testcase classname="backend.tests.test_iteration79_nocturne" name="test_products" time="0.044" /><testcase classname="backend.tests.test_iteration79_nocturne" name="test_packs_contains_voyage_karmique" time="0.040" /><testcase classname="backend.tests.test_iteration79_nocturne" name="test_lead_magnet_generate" time="1.412" /><testcase classname="backend.tests.test_iteration79_nocturne" name="test_lead_magnet_rate_limit" time="0.041" /><testcase classname="backend.tests.test_iteration79_nocturne" name="test_lead_magnet_download" time="0.120" /><testcase classname="backend.tests.test_iteration79_nocturne" name="test_voyage_karmique_checkout" time="0.309"><failure message="AssertionError: 500: Internal Server Error&#10;assert 500 == 200&#10; +  where 500 = &lt;Response [500]&gt;.status_code">backend/tests/test_iteration79_nocturne.py:83: in test_voyage_karmique_checkout
    assert r.status_code == 200, f'{r.status_code}: {r.text[:400]}'
E   AssertionError: 500: Internal Server Error
E   assert 500 == 200
E    +  where 500 = &lt;Response [500]&gt;.status_code</failure></testcase><testcase classname="backend.tests.test_iteration79_nocturne" name="test_voyage_karmique_status_unknown" time="0.426" /></testsuite></testsuites>