<?xml version="1.0" encoding="utf-8"?><testsuites name="pytest tests"><testsuite name="pytest" errors="0" failures="0" skipped="0" tests="5" time="5.967" timestamp="2026-08-13T18:31:14.318185+00:00" hostname="agent-env-71bfe53c-6e56-4d73-a3ad-82e18c69a6bf"><testcase classname="tests.test_iteration76_cercle_monthly_report.TestCerclePdfPreview" name="test_preview_admin_returns_pdf" time="2.063" /><testcase classname="tests.test_iteration76_cercle_monthly_report.TestCerclePdfPreview" name="test_preview_non_admin_returns_403" time="0.907" /><testcase classname="tests.test_iteration76_cercle_monthly_report.TestCerclePdfPreview" name="test_preview_no_token_returns_401" time="0.139" /><testcase classname="tests.test_iteration76_cercle_monthly_report.TestCercleSendAll" name="test_send_all_admin_returns_json_shape" time="2.460" /><testcase classname="tests.test_iteration76_cercle_monthly_report.TestCercleSendAll" name="test_send_all_non_admin_returns_403" time="0.333" /></testsuite></testsuites>