<?xml version="1.0" encoding="utf-8"?><testsuites name="pytest tests"><testsuite name="pytest" errors="0" failures="0" skipped="0" tests="12" time="2.890" timestamp="2026-08-07T10:17:58.583806+00:00" hostname="agent-env-71bfe53c-6e56-4d73-a3ad-82e18c69a6bf"><testcase classname="backend.tests.test_iteration_71" name="test_pdf_cover_static[kabbale_hero.png]" time="0.829" /><testcase classname="backend.tests.test_iteration_71" name="test_pdf_cover_static[karma_hero.png]" time="0.146" /><testcase classname="backend.tests.test_iteration_71" name="test_pdf_cover_static[synastrie_hero.png]" time="0.123" /><testcase classname="backend.tests.test_iteration_71" name="test_pdf_cover_static[natal_hero.png]" time="0.126" /><testcase classname="backend.tests.test_iteration_71" name="test_pdf_cover_static[numerologie_hero.png]" time="0.134" /><testcase classname="backend.tests.test_iteration_71" name="test_pdf_cover_static[astrocarto_hero.png]" time="0.131" /><testcase classname="backend.tests.test_iteration_71" name="test_pdf_preview[astrocartographie]" time="0.245" /><testcase classname="backend.tests.test_iteration_71" name="test_pdf_preview[kabbale]" time="0.218" /><testcase classname="backend.tests.test_iteration_71" name="test_pdf_preview[karma-destin]" time="0.232" /><testcase classname="backend.tests.test_iteration_71" name="test_pdf_preview[numerologie]" time="0.203" /><testcase classname="backend.tests.test_iteration_71" name="test_pdf_preview[theme-natal]" time="0.229" /><testcase classname="backend.tests.test_iteration_71" name="test_pdf_preview[synastrie]" time="0.201" /></testsuite></testsuites>