<?xml version="1.0" encoding="utf-8"?><testsuites name="pytest tests"><testsuite name="pytest" errors="0" failures="0" skipped="0" tests="12" time="12.406" timestamp="2026-06-22T12:36:06.405102+00:00" hostname="agent-env-71bfe53c-6e56-4d73-a3ad-82e18c69a6bf"><testcase classname="backend.tests.test_iteration30_phase2_3_4" name="test_auth_me_returns_is_admin" time="0.917" /><testcase classname="backend.tests.test_iteration30_phase2_3_4" name="test_cercle_streak_admin" time="0.238" /><testcase classname="backend.tests.test_iteration30_phase2_3_4" name="test_cercle_daily_admin" time="3.310" /><testcase classname="backend.tests.test_iteration30_phase2_3_4" name="test_cercle_checkin_invalid_mood" time="0.247" /><testcase classname="backend.tests.test_iteration30_phase2_3_4" name="test_cercle_checkin_valid_and_idempotent" time="2.343" /><testcase classname="backend.tests.test_iteration30_phase2_3_4" name="test_cercle_reflection_too_short" time="0.270" /><testcase classname="backend.tests.test_iteration30_phase2_3_4" name="test_cercle_reflection_valid" time="3.017" /><testcase classname="backend.tests.test_iteration30_phase2_3_4" name="test_cercle_gate_no_auth" time="0.283" /><testcase classname="backend.tests.test_iteration30_phase2_3_4" name="test_synastrie_checkout_anonymous" time="0.768" /><testcase classname="backend.tests.test_iteration30_phase2_3_4" name="test_synastrie_checkout_authenticated" time="0.566" /><testcase classname="backend.tests.test_iteration30_phase2_3_4" name="test_synastrie_checkout_missing_email_anonymous" time="0.095" /><testcase classname="backend.tests.test_iteration30_phase2_3_4" name="test_synastrie_status_unknown_session" time="0.270" /></testsuite></testsuites>