<?xml version="1.0" encoding="utf-8"?><testsuites name="pytest tests"><testsuite name="pytest" errors="0" failures="0" skipped="0" tests="22" time="10.807" timestamp="2026-08-02T16:19:41.159819+00:00" hostname="agent-env-71bfe53c-6e56-4d73-a3ad-82e18c69a6bf"><testcase classname="backend.tests.test_iteration66_batch_final.TestNewTestimonialAlert" name="test_submit_creates_new_testimonial_alert" time="3.855" /><testcase classname="backend.tests.test_iteration66_batch_final.TestABForcedVariant" name="test_reset_then_serve_variant_null" time="0.413" /><testcase classname="backend.tests.test_iteration66_batch_final.TestABForcedVariant" name="test_set_variant_A_then_serve_returns_A_forced" time="0.335" /><testcase classname="backend.tests.test_iteration66_batch_final.TestABForcedVariant" name="test_set_variant_B_then_serve_returns_B_forced" time="0.337" /><testcase classname="backend.tests.test_iteration66_batch_final.TestABForcedVariant" name="test_set_invalid_variant_400" time="0.246" /><testcase classname="backend.tests.test_iteration66_batch_final.TestABForcedVariant" name="test_set_variant_no_token_401" time="0.103" /><testcase classname="backend.tests.test_iteration66_batch_final.TestABForcedVariant" name="test_set_variant_non_admin_403" time="0.232" /><testcase classname="backend.tests.test_iteration66_batch_final.TestABForcedVariant" name="test_final_reset" time="0.246" /><testcase classname="backend.tests.test_iteration66_batch_final.TestRatingTimeseries" name="test_default_30_days" time="0.132" /><testcase classname="backend.tests.test_iteration66_batch_final.TestTrustStats" name="test_trust_stats_structure" time="0.261" /><testcase classname="backend.tests.test_iteration66_batch_final.TestTestimonialsLimits" name="test_default_limit_6" time="0.151" /><testcase classname="backend.tests.test_iteration66_batch_final.TestTestimonialsLimits" name="test_limit_100" time="0.095" /><testcase classname="backend.tests.test_iteration66_batch_final.TestTestimonialsLimits" name="test_admin_list_admin_ok" time="0.236" /><testcase classname="backend.tests.test_iteration66_batch_final.TestTestimonialsLimits" name="test_admin_list_non_admin_403" time="0.231" /><testcase classname="backend.tests.test_iteration66_batch_final.TestChatSupport" name="test_chat_normal_no_escalate" time="1.517" /><testcase classname="backend.tests.test_iteration66_batch_final.TestChatSupport" name="test_chat_escalate_case" time="1.433" /><testcase classname="backend.tests.test_iteration66_batch_final.TestChatSupport" name="test_chat_feedback_ok" time="0.099" /><testcase classname="backend.tests.test_iteration66_batch_final.TestChatSupport" name="test_chat_feedback_404" time="0.090" /><testcase classname="backend.tests.test_iteration66_batch_final.TestChatSupport" name="test_chat_analytics_admin" time="0.259" /><testcase classname="backend.tests.test_iteration66_batch_final.TestChatSupport" name="test_chat_analytics_non_admin_403" time="0.243" /><testcase classname="backend.tests.test_iteration66_batch_final.TestRegression" name="test_health" time="0.089" /><testcase classname="backend.tests.test_iteration66_batch_final.TestRegression" name="test_lecture_complete_checkout_reachable" time="0.098" /></testsuite></testsuites>