<?xml version="1.0" encoding="utf-8"?><testsuites name="pytest tests"><testsuite name="pytest" errors="0" failures="0" skipped="0" tests="7" time="8.412" timestamp="2026-07-07T14:11:51.448758+00:00" hostname="agent-env-71bfe53c-6e56-4d73-a3ad-82e18c69a6bf"><testcase classname="backend.tests.test_iteration35_cors_smoke.TestHealth" name="test_api_health" time="0.175" /><testcase classname="backend.tests.test_iteration35_cors_smoke.TestCORS" name="test_preflight_plume_chat" time="0.063" /><testcase classname="backend.tests.test_iteration35_cors_smoke.TestCORS" name="test_cors_header_on_post" time="3.246" /><testcase classname="backend.tests.test_iteration35_cors_smoke.TestPlumeChatReviewPayload" name="test_with_birth_data_from_review_request" time="3.917" /><testcase classname="backend.tests.test_iteration35_cors_smoke.TestOtherEndpoints" name="test_library_catalog" time="0.132" /><testcase classname="backend.tests.test_iteration35_cors_smoke.TestOtherEndpoints" name="test_library_list_does_not_exist" time="0.099" /><testcase classname="backend.tests.test_iteration35_cors_smoke.TestOtherEndpoints" name="test_rencontres_reveal" time="0.708" /></testsuite></testsuites>