<?xml version="1.0" encoding="utf-8"?><testsuites name="pytest tests"><testsuite name="pytest" errors="0" failures="0" skipped="0" tests="6" time="3.149" timestamp="2026-08-02T08:46:39.420404+00:00" hostname="agent-env-71bfe53c-6e56-4d73-a3ad-82e18c69a6bf"><testcase classname="backend.tests.test_iteration57_lecture_complete.TestLectureCompleteCheckout" name="test_checkout_valid_payload" time="1.150" /><testcase classname="backend.tests.test_iteration57_lecture_complete.TestLectureCompleteCheckout" name="test_checkout_no_body" time="0.126" /><testcase classname="backend.tests.test_iteration57_lecture_complete.TestLectureCompleteCheckout" name="test_checkout_invalid_email" time="0.093" /><testcase classname="backend.tests.test_iteration57_lecture_complete.TestLectureCompleteCheckout" name="test_checkout_promo_guest_no_bypass" time="0.651" /><testcase classname="backend.tests.test_iteration57_lecture_complete.TestLectureCompleteStatus" name="test_status_unknown_session" time="0.252" /><testcase classname="backend.tests.test_iteration57_lecture_complete.TestLectureCompleteStatus" name="test_status_after_checkout_creation" time="0.804" /></testsuite></testsuites>