<?xml version="1.0" encoding="utf-8"?><testsuites name="pytest tests"><testsuite name="pytest" errors="0" failures="1" skipped="0" tests="17" time="34.210" timestamp="2026-07-09T17:14:08.406625+00:00" hostname="agent-env-71bfe53c-6e56-4d73-a3ad-82e18c69a6bf"><testcase classname="tests.test_iteration46_products_regression.TestHealth" name="test_health" time="0.260" /><testcase classname="tests.test_iteration46_products_regression.TestHealth" name="test_auth_me" time="2.273"><failure message="AssertionError: assert None == 'admin@plume-astrale.fr'&#10; +  where None = &lt;built-in method get of dict object at 0xfc65d1a9f540&gt;('email')&#10; +    where &lt;built-in method get of dict object at 0xfc65d1a9f540&gt; = {'credit_balance': 9206, 'user': {'birth_country': 'FR', 'birth_date': '1990-05-15', 'birth_place': 'Paris', 'birth_time': '12:00', ...}}.get">tests/test_iteration46_products_regression.py:64: in test_auth_me
    assert data.get('email') == ADMIN_EMAIL
E   AssertionError: assert None == 'admin@plume-astrale.fr'
E    +  where None = &lt;built-in method get of dict object at 0xfc65d1a9f540&gt;('email')
E    +    where &lt;built-in method get of dict object at 0xfc65d1a9f540&gt; = {'credit_balance': 9206, 'user': {'birth_country': 'FR', 'birth_date': '1990-05-15', 'birth_place': 'Paris', 'birth_time': '12:00', ...}}.get</failure></testcase><testcase classname="tests.test_iteration46_products_regression.TestSolarReturn" name="test_solar_return_admin_empty_body" time="2.378" /><testcase classname="tests.test_iteration46_products_regression.TestAstrologyV3" name="test_natal" time="0.830" /><testcase classname="tests.test_iteration46_products_regression.TestAstrologyV3" name="test_transits_today" time="2.365" /><testcase classname="tests.test_iteration46_products_regression.TestAstrologyV3" name="test_synastry" time="2.059" /><testcase classname="tests.test_iteration46_products_regression.TestAstrologyV3" name="test_natal_pdf" time="7.411" /><testcase classname="tests.test_iteration46_products_regression.TestAstrologyV3" name="test_composite_missing" time="0.127" /><testcase classname="tests.test_iteration46_products_regression.TestPaidProducts" name="test_archetype_generate" time="2.544" /><testcase classname="tests.test_iteration46_products_regression.TestPaidProducts" name="test_kabbale_checkout" time="0.713" /><testcase classname="tests.test_iteration46_products_regression.TestPaidProducts" name="test_rencontres_reveal" time="0.658" /><testcase classname="tests.test_iteration46_products_regression.TestPaidProducts" name="test_rencontres_checkout" time="0.670" /><testcase classname="tests.test_iteration46_products_regression.TestPaidProducts" name="test_synastrie_oneshot" time="8.041" /><testcase classname="tests.test_iteration46_products_regression.TestPaidProducts" name="test_premium_status" time="0.652" /><testcase classname="tests.test_iteration46_products_regression.TestPaidProducts" name="test_plume_chat" time="2.622" /><testcase classname="tests.test_iteration46_products_regression.TestDiscount" name="test_bienvenue" time="0.501" /><testcase classname="tests.test_iteration46_products_regression" name="test_zzz_print_report" time="0.000" /></testsuite></testsuites>