<?xml version="1.0" encoding="utf-8"?><testsuites name="pytest tests"><testsuite name="pytest" errors="0" failures="0" skipped="0" tests="34" time="22.651" timestamp="2026-07-07T15:10:24.483815+00:00" hostname="agent-env-71bfe53c-6e56-4d73-a3ad-82e18c69a6bf"><testcase classname="tests.test_iteration38_garyvee_pricing.TestPacksEndpoint" name="test_endpoint_returns_200" time="0.266" /><testcase classname="tests.test_iteration38_garyvee_pricing.TestPacksEndpoint" name="test_pack_ids_are_the_expected_four" time="0.117" /><testcase classname="tests.test_iteration38_garyvee_pricing.TestPacksEndpoint" name="test_pack_initiation" time="0.127" /><testcase classname="tests.test_iteration38_garyvee_pricing.TestPacksEndpoint" name="test_pack_astro_amour_is_clarte_new_grid" time="0.108" /><testcase classname="tests.test_iteration38_garyvee_pricing.TestPacksEndpoint" name="test_pack_flammes_jumelles" time="0.097" /><testcase classname="tests.test_iteration38_garyvee_pricing.TestPacksEndpoint" name="test_pack_rencontres_ultime_oneshot" time="0.134" /><testcase classname="tests.test_iteration38_garyvee_pricing.TestServiceCosts" name="test_all_expected_services_present" time="0.097" /><testcase classname="tests.test_iteration38_garyvee_pricing.TestServiceCosts" name="test_service_cost_value[tarot_oui_non-5]" time="0.133" /><testcase classname="tests.test_iteration38_garyvee_pricing.TestServiceCosts" name="test_service_cost_value[chat_astral-10]" time="0.094" /><testcase classname="tests.test_iteration38_garyvee_pricing.TestServiceCosts" name="test_service_cost_value[lecture_tarot-10]" time="0.106" /><testcase classname="tests.test_iteration38_garyvee_pricing.TestServiceCosts" name="test_service_cost_value[love_languages-10]" time="0.100" /><testcase classname="tests.test_iteration38_garyvee_pricing.TestServiceCosts" name="test_service_cost_value[tarot_marseille-30]" time="0.162" /><testcase classname="tests.test_iteration38_garyvee_pricing.TestServiceCosts" name="test_service_cost_value[tarot_celtique-30]" time="0.095" /><testcase classname="tests.test_iteration38_garyvee_pricing.TestServiceCosts" name="test_service_cost_value[tarologie-30]" time="0.102" /><testcase classname="tests.test_iteration38_garyvee_pricing.TestServiceCosts" name="test_service_cost_value[numerologie-30]" time="0.156" /><testcase classname="tests.test_iteration38_garyvee_pricing.TestServiceCosts" name="test_service_cost_value[lecture_astrologique-40]" time="0.098" /><testcase classname="tests.test_iteration38_garyvee_pricing.TestServiceCosts" name="test_service_cost_value[theme_natal_pdf-60]" time="0.098" /><testcase classname="tests.test_iteration38_garyvee_pricing.TestServiceCosts" name="test_service_cost_value[cartographie-60]" time="0.116" /><testcase classname="tests.test_iteration38_garyvee_pricing.TestServiceCosts" name="test_service_cost_value[cartographie_premium-60]" time="0.106" /><testcase classname="tests.test_iteration38_garyvee_pricing.TestServiceCosts" name="test_service_cost_value[synastrie-60]" time="0.100" /><testcase classname="tests.test_iteration38_garyvee_pricing.TestServiceCosts" name="test_service_cost_value[revolution_solaire-60]" time="0.090" /><testcase classname="tests.test_iteration38_garyvee_pricing.TestServiceCosts" name="test_service_cost_value[karma_destin-60]" time="0.104" /><testcase classname="tests.test_iteration38_garyvee_pricing.TestServiceCosts" name="test_all_costs_are_multiples_of_5" time="0.102" /><testcase classname="tests.test_iteration38_garyvee_pricing.TestCreditsUse" name="test_use_chat_astral_deducts_10" time="3.664" /><testcase classname="tests.test_iteration38_garyvee_pricing.TestCreditsUse" name="test_use_numerologie_deducts_30" time="1.334" /><testcase classname="tests.test_iteration38_garyvee_pricing.TestCreditsUse" name="test_use_lecture_astrologique_deducts_40" time="1.291" /><testcase classname="tests.test_iteration38_garyvee_pricing.TestCreditsUse" name="test_use_theme_natal_deducts_60" time="1.248" /><testcase classname="tests.test_iteration38_garyvee_pricing.TestCreditsUse" name="test_use_unknown_service_returns_400" time="0.135" /><testcase classname="tests.test_iteration38_garyvee_pricing.TestCreditsUse" name="test_use_credits_requires_auth" time="0.127" /><testcase classname="tests.test_iteration38_garyvee_pricing.TestRegressionRencontres" name="test_rencontres_reveal_public" time="0.905" /><testcase classname="tests.test_iteration38_garyvee_pricing.TestRegressionRencontres" name="test_rencontres_checkout_creates_session" time="1.473" /><testcase classname="tests.test_iteration38_garyvee_pricing.TestRegressionRencontres" name="test_rencontres_ultime_status_unknown_returns_error_stage" time="0.240" /><testcase classname="tests.test_iteration38_garyvee_pricing.TestRegressionRencontres" name="test_rencontres_ultime_status_delivered_seed_still_works" time="0.233" /><testcase classname="tests.test_iteration38_garyvee_pricing.TestRegressionPlumeChat" name="test_plume_chat_public_returns_reply" time="9.187" /></testsuite></testsuites>