<?xml version="1.0" encoding="utf-8"?><testsuites name="pytest tests"><testsuite name="pytest" errors="0" failures="0" skipped="0" tests="4" time="2.885" timestamp="2026-07-20T11:14:28.787603+00:00" hostname="agent-env-71bfe53c-6e56-4d73-a3ad-82e18c69a6bf"><testcase classname="backend.tests.test_astrocarto_kabbale20" name="test_checkout_kabbale20_reduces_to_29" time="1.278" /><testcase classname="backend.tests.test_astrocarto_kabbale20" name="test_checkout_no_promo_49" time="0.667" /><testcase classname="backend.tests.test_astrocarto_kabbale20" name="test_checkout_plume15_reduces" time="0.788" /><testcase classname="backend.tests.test_astrocarto_kabbale20" name="test_checkout_missing_cities_400" time="0.081" /></testsuite></testsuites>