<?xml version="1.0" encoding="utf-8"?><testsuites name="pytest tests"><testsuite name="pytest" errors="0" failures="0" skipped="0" tests="11" time="7.725" timestamp="2026-07-03T18:29:27.622226+00:00" hostname="agent-env-71bfe53c-6e56-4d73-a3ad-82e18c69a6bf"><testcase classname="backend.tests.test_iteration32_new_pricing" name="test_packs_endpoint_shape" time="0.160" /><testcase classname="backend.tests.test_iteration32_new_pricing" name="test_pack_initiation_values" time="0.101" /><testcase classname="backend.tests.test_iteration32_new_pricing" name="test_pack_astro_amour_values" time="0.095" /><testcase classname="backend.tests.test_iteration32_new_pricing" name="test_pack_flammes_jumelles_values" time="0.106" /><testcase classname="backend.tests.test_iteration32_new_pricing" name="test_chat_astral_cost_is_10" time="0.096" /><testcase classname="backend.tests.test_iteration32_new_pricing" name="test_checkout_astro_amour_stores_50_credits" time="0.917" /><testcase classname="backend.tests.test_iteration32_new_pricing" name="test_checkout_old_pack_starter_returns_400" time="0.104" /><testcase classname="backend.tests.test_iteration32_new_pricing" name="test_checkout_old_pack_chat_lueur_returns_400" time="0.102" /><testcase classname="backend.tests.test_iteration32_new_pricing" name="test_astro_chat_charges_10_credits_and_no_leak" time="5.980" /><testcase classname="backend.tests.test_iteration32_new_pricing" name="test_refund_amount_is_10_in_code" time="0.000" /><testcase classname="backend.tests.test_iteration32_new_pricing" name="test_paywall_modal_posts_to_valid_checkout_endpoint" time="0.000" /></testsuite></testsuites>