<?xml version="1.0" encoding="utf-8"?><testsuites name="pytest tests"><testsuite name="pytest" errors="0" failures="0" skipped="1" tests="7" time="1.536" timestamp="2026-07-20T11:50:34.490043+00:00" hostname="agent-env-71bfe53c-6e56-4d73-a3ad-82e18c69a6bf"><testcase classname="backend.tests.test_cercle_solena_subscriptions.TestSubscriptionAuth" name="test_checkout_no_token_returns_401_or_403" time="0.211" /><testcase classname="backend.tests.test_cercle_solena_subscriptions.TestSubscriptionAuth" name="test_checkout_invalid_token_returns_401" time="0.127" /><testcase classname="backend.tests.test_cercle_solena_subscriptions.TestSubscriptionAuth" name="test_status_no_token_returns_401_or_403" time="0.145" /><testcase classname="backend.tests.test_cercle_solena_subscriptions.TestSubscriptionCheckoutBehavior" name="test_checkout_valid_token_returns_503_price_not_configured" time="0.503" /><testcase classname="backend.tests.test_cercle_solena_subscriptions.TestSubscriptionCheckoutBehavior" name="test_checkout_with_trial_payload_accepted" time="0.130" /><testcase classname="backend.tests.test_cercle_solena_subscriptions.TestSubscriptionCheckoutBehavior" name="test_checkout_with_trial_false_still_works" time="0.102" /><testcase classname="backend.tests.test_cercle_solena_subscriptions.TestSubscriptionCheckoutBehavior" name="test_status_valid_token" time="0.247"><skipped type="pytest.skip" message="Table 'subscriptions' probablement absente (migration SQL Supabase non appliquée): Internal Server Error">/app/backend/tests/test_cercle_solena_subscriptions.py:134: Table 'subscriptions' probablement absente (migration SQL Supabase non appliquée): Internal Server Error</skipped></testcase></testsuite></testsuites>