<?xml version="1.0" encoding="utf-8"?><testsuites name="pytest tests"><testsuite name="pytest" errors="0" failures="0" skipped="0" tests="15" time="9.161" timestamp="2026-08-07T11:57:28.460009+00:00" hostname="agent-env-71bfe53c-6e56-4d73-a3ad-82e18c69a6bf"><testcase classname="backend.tests.test_admin_pdf_and_regression" name="test_admin_pdf_test_generates_pdf[astrocartographie]" time="0.967" /><testcase classname="backend.tests.test_admin_pdf_and_regression" name="test_admin_pdf_test_generates_pdf[kabbale]" time="1.779" /><testcase classname="backend.tests.test_admin_pdf_and_regression" name="test_admin_pdf_test_generates_pdf[karma-destin]" time="0.318" /><testcase classname="backend.tests.test_admin_pdf_and_regression" name="test_admin_pdf_test_generates_pdf[numerologie]" time="0.248" /><testcase classname="backend.tests.test_admin_pdf_and_regression" name="test_admin_pdf_test_generates_pdf[theme-natal]" time="2.319" /><testcase classname="backend.tests.test_admin_pdf_and_regression" name="test_admin_pdf_test_generates_pdf[synastrie]" time="1.566" /><testcase classname="backend.tests.test_admin_pdf_and_regression" name="test_admin_pdf_test_unknown_returns_404" time="0.044" /><testcase classname="backend.tests.test_admin_pdf_and_regression" name="test_admin_pdf_test_synastrie_with_partner" time="1.518" /><testcase classname="backend.tests.test_admin_pdf_and_regression" name="test_frontend_routes_load[/credits-200]" time="0.048" /><testcase classname="backend.tests.test_admin_pdf_and_regression" name="test_frontend_routes_load[/choix-200]" time="0.044" /><testcase classname="backend.tests.test_admin_pdf_and_regression" name="test_frontend_routes_load[/astrocartographie-200]" time="0.043" /><testcase classname="backend.tests.test_admin_pdf_and_regression" name="test_frontend_routes_load[/livres-200]" time="0.053" /><testcase classname="backend.tests.test_admin_pdf_and_regression" name="test_frontend_routes_load[/admin/analytics-200]" time="0.042" /><testcase classname="backend.tests.test_admin_pdf_and_regression" name="test_services_tarot_redirect" time="0.043" /><testcase classname="backend.tests.test_admin_pdf_and_regression" name="test_outils_tarot_redirect" time="0.052" /></testsuite></testsuites>