<?xml version="1.0" encoding="utf-8"?><testsuites name="pytest tests"><testsuite name="pytest" errors="0" failures="0" skipped="0" tests="9" time="13.099" timestamp="2026-07-07T14:28:27.760872+00:00" hostname="agent-env-71bfe53c-6e56-4d73-a3ad-82e18c69a6bf"><testcase classname="tests.test_iteration36_rencontres_ultime.TestPDFGeneration" name="test_pdf_bytes_and_magic" time="0.053" /><testcase classname="tests.test_iteration36_rencontres_ultime.TestPDFGeneration" name="test_pdf_at_least_15_pages" time="0.070" /><testcase classname="tests.test_iteration36_rencontres_ultime.TestPDFGeneration" name="test_pdf_with_missing_fields_uses_fallbacks" time="0.015" /><testcase classname="tests.test_iteration36_rencontres_ultime.TestWebhookOrchestrator" name="test_handle_generates_pdf_and_updates_metadata" time="3.346" /><testcase classname="tests.test_iteration36_rencontres_ultime.TestWebhookOrchestrator" name="test_handle_is_idempotent" time="0.973" /><testcase classname="tests.test_iteration36_rencontres_ultime.TestPDFServing" name="test_generated_pdf_served_over_http" time="0.455" /><testcase classname="tests.test_iteration36_rencontres_ultime.TestRencontresCheckout" name="test_checkout_persists_tx_with_pdf_ctx" time="2.236" /><testcase classname="tests.test_iteration36_rencontres_ultime.TestPlumeChatRegression" name="test_plume_chat_still_ok" time="5.487" /><testcase classname="tests.test_iteration36_rencontres_ultime.TestPlumeChatRegression" name="test_plume_chat_health_only" time="0.381" /></testsuite></testsuites>