<?xml version="1.0" encoding="utf-8"?><testsuites name="pytest tests"><testsuite name="pytest" errors="0" failures="0" skipped="0" tests="9" time="5.732" timestamp="2026-05-26T15:39:24.588937+00:00" hostname="agent-env-71bfe53c-6e56-4d73-a3ad-82e18c69a6bf"><testcase classname="backend.tests.test_iteration24_premium_trial.TestAuthMe" name="test_auth_me_returns_profile" time="1.249" /><testcase classname="backend.tests.test_iteration24_premium_trial.TestAuthMe" name="test_auth_me_admin" time="0.651" /><testcase classname="backend.tests.test_iteration24_premium_trial.TestPremium" name="test_premium_status_default_free" time="0.258" /><testcase classname="backend.tests.test_iteration24_premium_trial.TestPremium" name="test_premium_portal_404_when_no_customer" time="0.626" /><testcase classname="backend.tests.test_iteration24_premium_trial.TestPremium" name="test_premium_checkout_creates_subscription_with_trial" time="1.126" /><testcase classname="backend.tests.test_iteration24_premium_trial.TestSocialProof" name="test_social_proof_structure" time="0.559" /><testcase classname="backend.tests.test_iteration24_premium_trial.TestEnergy" name="test_energy_today" time="0.247" /><testcase classname="backend.tests.test_iteration24_premium_trial.TestWalletAndCredits" name="test_wallet_balance" time="0.281" /><testcase classname="backend.tests.test_iteration24_premium_trial.TestWalletAndCredits" name="test_credits_checkout_non_regression" time="0.647" /></testsuite></testsuites>