<?xml version="1.0" encoding="utf-8"?><testsuites name="pytest tests"><testsuite name="pytest" errors="0" failures="1" skipped="0" tests="5" time="5.124" timestamp="2026-08-16T16:02:14.713306+00:00" hostname="agent-env-71bfe53c-6e56-4d73-a3ad-82e18c69a6bf"><testcase classname="backend.tests.test_seo_rebuild" name="test_health_ok" time="3.265" /><testcase classname="backend.tests.test_seo_rebuild" name="test_sitemap_status_and_content_type" time="0.251" /><testcase classname="backend.tests.test_seo_rebuild" name="test_sitemap_no_deprecated_urls" time="0.177"><failure message="AssertionError: sitemap still exposes /nos-livres (must redirect to /livres)&#10;assert '/nos-livres' not in '&lt;?xml versi...&gt;\n&lt;/urlset&gt;'&#10;  &#10;  '/nos-livres' is contained here:&#10;    &lt;?xml version=&quot;1.0&quot; encoding=&quot;UTF-8&quot;?&gt;&#10;    &lt;urlset xmlns=&quot;http://www.sitemaps.org/schemas/sitemap/0.9&quot;&gt;&#10;      &lt;url&gt;&lt;loc&gt;https://plume-astrale.fr/&lt;/loc&gt;&lt;lastmod&gt;2026-08-16&lt;/lastmod&gt;&lt;changefreq&gt;daily&lt;/changefreq&gt;&lt;priority&gt;1.00&lt;/priority&gt;&lt;/url&gt;&#10;      &lt;url&gt;&lt;loc&gt;https://plume-astrale.fr/decouvrir&lt;/loc&gt;&lt;lastmod&gt;2026-08-16&lt;/lastmod&gt;&lt;changefreq&gt;daily&lt;/changefreq&gt;&lt;priority&gt;0.90&lt;/priority&gt;&lt;/url&gt;&#10;      &lt;url&gt;&lt;loc&gt;https://plume-astrale.fr/manifesto&lt;/loc&gt;&lt;lastmod&gt;2026-08-16&lt;/lastmod&gt;&lt;changefreq&gt;weekly&lt;/changefreq&gt;&lt;priority&gt;0.70&lt;/priority&gt;&lt;/url&gt;...&#10;  &#10;  ...Full output truncated (62 lines hidden), use '-vv' to show">backend/tests/test_seo_rebuild.py:36: in test_sitemap_no_deprecated_urls
    assert "/nos-livres" not in r.text, "sitemap still exposes /nos-livres (must redirect to /livres)"
E   AssertionError: sitemap still exposes /nos-livres (must redirect to /livres)
E   assert '/nos-livres' not in '&lt;?xml versi...&gt;\n&lt;/urlset&gt;'
E     
E     '/nos-livres' is contained here:
E       &lt;?xml version="1.0" encoding="UTF-8"?&gt;
E       &lt;urlset xmlns="http://www.sitemaps.org/schemas/sitemap/0.9"&gt;
E         &lt;url&gt;&lt;loc&gt;https://plume-astrale.fr/&lt;/loc&gt;&lt;lastmod&gt;2026-08-16&lt;/lastmod&gt;&lt;changefreq&gt;daily&lt;/changefreq&gt;&lt;priority&gt;1.00&lt;/priority&gt;&lt;/url&gt;
E         &lt;url&gt;&lt;loc&gt;https://plume-astrale.fr/decouvrir&lt;/loc&gt;&lt;lastmod&gt;2026-08-16&lt;/lastmod&gt;&lt;changefreq&gt;daily&lt;/changefreq&gt;&lt;priority&gt;0.90&lt;/priority&gt;&lt;/url&gt;
E         &lt;url&gt;&lt;loc&gt;https://plume-astrale.fr/manifesto&lt;/loc&gt;&lt;lastmod&gt;2026-08-16&lt;/lastmod&gt;&lt;changefreq&gt;weekly&lt;/changefreq&gt;&lt;priority&gt;0.70&lt;/priority&gt;&lt;/url&gt;...
E     
E     ...Full output truncated (62 lines hidden), use '-vv' to show</failure></testcase><testcase classname="backend.tests.test_seo_rebuild" name="test_lead_magnet_generate" time="1.246" /><testcase classname="backend.tests.test_seo_rebuild" name="test_robots_txt_reachable" time="0.101" /></testsuite></testsuites>