<?xml version="1.0" encoding="utf-8"?><testsuites name="pytest tests"><testsuite name="pytest" errors="0" failures="0" skipped="0" tests="6" time="5.290" timestamp="2026-05-27T05:54:01.692877+00:00" hostname="agent-env-71bfe53c-6e56-4d73-a3ad-82e18c69a6bf"><testcase classname="backend.tests.test_iteration25_natal_profile.TestAuthMe" name="test_admin_me_has_natal" time="1.151" /><testcase classname="backend.tests.test_iteration25_natal_profile.TestAuthMe" name="test_user_me_has_keys" time="0.674" /><testcase classname="backend.tests.test_iteration25_natal_profile.TestAuthMe" name="test_me_unauthenticated" time="0.100" /><testcase classname="backend.tests.test_iteration25_natal_profile.TestProfileUpdate" name="test_update_and_verify_persistence" time="1.490" /><testcase classname="backend.tests.test_iteration25_natal_profile.TestProfileUpdate" name="test_update_partial_field_only" time="1.449" /><testcase classname="backend.tests.test_iteration25_natal_profile.TestProfileUpdate" name="test_admin_profile_unchanged_paris" time="0.358" /></testsuite></testsuites>