<?xml version="1.0" encoding="utf-8"?><testsuites name="pytest tests"><testsuite name="pytest" errors="0" failures="0" skipped="0" tests="14" time="20.716" timestamp="2026-08-07T13:08:10.258102+00:00" hostname="agent-env-71bfe53c-6e56-4d73-a3ad-82e18c69a6bf"><testcase classname="backend.tests.test_iteration74_admin_pdf_analytics.TestAuthGate" name="test_no_token_returns_401_or_403" time="0.299" /><testcase classname="backend.tests.test_iteration74_admin_pdf_analytics.TestAuthGate" name="test_non_admin_returns_403" time="0.721" /><testcase classname="backend.tests.test_iteration74_admin_pdf_analytics.TestAuthGate" name="test_logs_recent_no_token" time="0.102" /><testcase classname="backend.tests.test_iteration74_admin_pdf_analytics.TestAuthGate" name="test_logs_recent_non_admin" time="0.319" /><testcase classname="backend.tests.test_iteration74_admin_pdf_analytics.TestAdminPdfGeneration" name="test_theme_natal_default" time="5.750" /><testcase classname="backend.tests.test_iteration74_admin_pdf_analytics.TestAdminPdfGeneration" name="test_theme_natal_ultra_larger" time="5.209" /><testcase classname="backend.tests.test_iteration74_admin_pdf_analytics.TestAdminPdfGeneration" name="test_synastrie" time="2.226" /><testcase classname="backend.tests.test_iteration74_admin_pdf_analytics.TestAdminPdfGeneration" name="test_astrocartographie" time="1.009" /><testcase classname="backend.tests.test_iteration74_admin_pdf_analytics.TestAdminPdfGeneration" name="test_kabbale" time="2.427" /><testcase classname="backend.tests.test_iteration74_admin_pdf_analytics.TestAdminPdfGeneration" name="test_karma_destin" time="1.138" /><testcase classname="backend.tests.test_iteration74_admin_pdf_analytics.TestAdminPdfGeneration" name="test_numerologie" time="0.584" /><testcase classname="backend.tests.test_iteration74_admin_pdf_analytics.TestAnalyticsLogs" name="test_logs_recent_admin_returns_logs" time="0.268" /><testcase classname="backend.tests.test_iteration74_admin_pdf_analytics.TestAnalyticsLogs" name="test_logs_contain_tier_ultra" time="0.335" /><testcase classname="backend.tests.test_iteration74_admin_pdf_analytics.TestAnalyticsLogs" name="test_stats_aggregation" time="0.263" /></testsuite></testsuites>