<?xml version="1.0" encoding="utf-8"?><testsuites name="pytest tests"><testsuite name="pytest" errors="0" failures="2" skipped="0" tests="19" time="5.875" timestamp="2026-07-29T12:16:18.513165+00:00" hostname="agent-env-71bfe53c-6e56-4d73-a3ad-82e18c69a6bf"><testcase classname="tests.test_iteration54_garyvee_refonte.TestPacks" name="test_theme_natal_pdf_oneshot_present_and_priced" time="0.210" /><testcase classname="tests.test_iteration54_garyvee_refonte.TestPacks" name="test_consultation_ultime_present_and_priced" time="0.000" /><testcase classname="tests.test_iteration54_garyvee_refonte.TestPacks" name="test_rencontres_ultime_present_and_priced" time="0.000" /><testcase classname="tests.test_iteration54_garyvee_refonte.TestPacks" name="test_fenetre_rencontre_avancee_absent" time="0.000" /><testcase classname="tests.test_iteration54_garyvee_refonte.TestServiceCosts" name="test_theme_natal_pdf_is_30" time="0.000" /><testcase classname="tests.test_iteration54_garyvee_refonte.TestServiceCosts" name="test_chat_astral_is_10" time="0.000" /><testcase classname="tests.test_iteration54_garyvee_refonte.TestThemeNatalCheckout" name="test_checkout_valid_returns_url_and_session_id" time="0.874" /><testcase classname="tests.test_iteration54_garyvee_refonte.TestThemeNatalCheckout" name="test_checkout_missing_email" time="0.114" /><testcase classname="tests.test_iteration54_garyvee_refonte.TestThemeNatalCheckout" name="test_checkout_missing_birth_time" time="0.102" /><testcase classname="tests.test_iteration54_garyvee_refonte.TestThemeNatalCheckout" name="test_checkout_missing_birth_date" time="0.130" /><testcase classname="tests.test_iteration54_garyvee_refonte.TestThemeNatalStatus" name="test_status_unknown_session_returns_404" time="0.236" /><testcase classname="tests.test_iteration54_garyvee_refonte.TestThemeNatalStatus" name="test_status_of_created_session" time="0.237" /><testcase classname="tests.test_iteration54_garyvee_refonte.TestCercleSolenaStatus" name="test_status_returns_active_false" time="1.018"><failure message="AssertionError: 500 : Internal Server Error&#10;assert 500 == 200&#10; +  where 500 = &lt;Response [500]&gt;.status_code">tests/test_iteration54_garyvee_refonte.py:187: in test_status_returns_active_false
    assert r.status_code == 200, f'{r.status_code} : {r.text[:200]}'
E   AssertionError: 500 : Internal Server Error
E   assert 500 == 200
E    +  where 500 = &lt;Response [500]&gt;.status_code</failure></testcase><testcase classname="tests.test_iteration54_garyvee_refonte.TestCercleSolenaCheckout" name="test_checkout_normal_returns_503" time="0.104" /><testcase classname="tests.test_iteration54_garyvee_refonte.TestCercleSolenaCheckout" name="test_checkout_premium_returns_503" time="0.102" /><testcase classname="tests.test_iteration54_garyvee_refonte.TestFenetreRencontreRemoved" name="test_old_checkout_route_returns_404" time="0.104" /><testcase classname="tests.test_iteration54_garyvee_refonte.TestChatV3" name="test_chat_endpoint_reachable" time="0.393"><failure message="AssertionError: 422 : {&quot;detail&quot;:[{&quot;type&quot;:&quot;missing&quot;,&quot;loc&quot;:[&quot;body&quot;,&quot;message&quot;],&quot;msg&quot;:&quot;Field required&quot;,&quot;input&quot;:{&quot;question&quot;:&quot;Bonjour Soléna, ça va ?&quot;},&quot;url&quot;:&quot;https://errors.pydantic.dev/2.13/v/missing&quot;}]}&#10;assert 422 in (200, 402)&#10; +  where 422 = &lt;Response [422]&gt;.status_code">tests/test_iteration54_garyvee_refonte.py:241: in test_chat_endpoint_reachable
    assert r.status_code in (200, 402), f'{r.status_code} : {r.text[:300]}'
E   AssertionError: 422 : {"detail":[{"type":"missing","loc":["body","message"],"msg":"Field required","input":{"question":"Bonjour Soléna, ça va ?"},"url":"https://errors.pydantic.dev/2.13/v/missing"}]}
E   assert 422 in (200, 402)
E    +  where 422 = &lt;Response [422]&gt;.status_code</failure></testcase><testcase classname="tests.test_iteration54_garyvee_refonte.TestNoExistingCercleSubscribers" name="test_supabase_query_empty" time="0.421" /><testcase classname="tests.test_iteration54_garyvee_refonte.TestWalletChatCreditsFallback" name="test_get_and_add_chat_credits_do_not_crash" time="1.709" /></testsuite></testsuites>