<?xml version="1.0" encoding="utf-8"?><testsuites name="pytest tests"><testsuite name="pytest" errors="0" failures="1" skipped="1" tests="28" time="21.513" timestamp="2026-08-01T12:56:58.730644+00:00" hostname="agent-env-71bfe53c-6e56-4d73-a3ad-82e18c69a6bf"><testcase classname="backend.tests.test_iteration56_promo_and_endpoints.TestPromoValidate" name="test_tout2026_admin_only" time="0.477" /><testcase classname="backend.tests.test_iteration56_promo_and_endpoints.TestPromoValidate" name="test_invalid_code" time="0.719" /><testcase classname="backend.tests.test_iteration56_promo_and_endpoints.TestPromoValidate" name="test_empty_code" time="0.063" /><testcase classname="backend.tests.test_iteration56_promo_and_endpoints.TestCheckouts" name="test_synastrie" time="0.622" /><testcase classname="backend.tests.test_iteration56_promo_and_endpoints.TestCheckouts" name="test_numerologie" time="0.043" /><testcase classname="backend.tests.test_iteration56_promo_and_endpoints.TestCheckouts" name="test_karma_destin" time="0.049" /><testcase classname="backend.tests.test_iteration56_promo_and_endpoints.TestCheckouts" name="test_fenetre_rencontre_avancee" time="0.044"><failure message="AssertionError: {&quot;detail&quot;:&quot;Produit indisponible.&quot;}&#10;assert 500 != 500&#10; +  where 500 = &lt;Response [500]&gt;.status_code">E   AssertionError: {"detail":"Produit indisponible."}
    assert 500 != 500
     +  where 500 = &lt;Response [500]&gt;.status_code</failure></testcase><testcase classname="backend.tests.test_iteration56_promo_and_endpoints.TestCheckouts" name="test_theme_natal_oneshot" time="0.441" /><testcase classname="backend.tests.test_iteration56_promo_and_endpoints.TestCheckouts" name="test_trio_decouverte" time="0.578" /><testcase classname="backend.tests.test_iteration56_promo_and_endpoints.TestCheckouts" name="test_pack_karmique" time="0.044" /><testcase classname="backend.tests.test_iteration56_promo_and_endpoints.TestCheckouts" name="test_consultation_ultime" time="0.450" /><testcase classname="backend.tests.test_iteration56_promo_and_endpoints.TestCheckouts" name="test_astrocartographie" time="0.045"><skipped type="pytest.skip" message="astrocartographie schema: {&quot;detail&quot;:[{&quot;type&quot;:&quot;missing&quot;,&quot;loc&quot;:[&quot;body&quot;,&quot;chosen_cities&quot;],&quot;msg&quot;:&quot;Field required&quot;,&quot;input&quot;:{&quot;prenom&quot;:&quot;Alice&quot;,&quot;birth_date&quot;:&quot;1990-05-15&quot;,&quot;birth_time&quot;:&quot;12:00&quot;,&quot;birth_place&quot;:&quot;Paris&quot;,&quot;birth_country&quot;:&quot;France&quot;,&quot;latitude&quot;:48.8566,&quot;longitude&quot;:2.3522,&quot;gender&quot;:&quot;F&quot;,&quot;email&quot;:&quot;guest@example.com&quot;,&quot;origin_url&quot;:&quot;https://consultation-astro.preview.emergentagent.com/test&quot;,&quot;promo_code&quot;:&quot;TOUT2026&quot;},&quot;url&quot;:&quot;https://errors.pydantic.dev/2.13/v/missing&quot;}]}">/app/backend/tests/test_iteration56_promo_and_endpoints.py:166: astrocartographie schema: {"detail":[{"type":"missing","loc":["body","chosen_cities"],"msg":"Field required","input":{"prenom":"Alice","birth_date":"1990-05-15","birth_time":"12:00","birth_place":"Paris","birth_country":"France","latitude":48.8566,"longitude":2.3522,"gender":"F","email":"guest@example.com","origin_url":"https://consultation-astro.preview.emergentagent.com/test","promo_code":"TOUT2026"},"url":"https://errors.pydantic.dev/2.13/v/missing"}]}</skipped></testcase><testcase classname="backend.tests.test_iteration56_promo_and_endpoints.TestCheckouts" name="test_kabbale" time="0.043" /><testcase classname="backend.tests.test_iteration56_promo_and_endpoints.TestCheckouts" name="test_rencontres_guide_ultime" time="0.051" /><testcase classname="backend.tests.test_iteration56_promo_and_endpoints.TestPublicContent" name="test_tarot_jour" time="0.054" /><testcase classname="backend.tests.test_iteration56_promo_and_endpoints.TestPublicContent" name="test_tarot_oui_non" time="8.772" /><testcase classname="backend.tests.test_iteration56_promo_and_endpoints.TestPublicContent" name="test_oracle_teaser" time="0.044" /><testcase classname="backend.tests.test_iteration56_promo_and_endpoints.TestPublicContent" name="test_daily_aries" time="0.046" /><testcase classname="backend.tests.test_iteration56_promo_and_endpoints.TestPublicContent" name="test_plume_chat" time="3.825" /><testcase classname="backend.tests.test_iteration56_promo_and_endpoints.TestPublicContent" name="test_astrology_natal_chart" time="0.586" /><testcase classname="backend.tests.test_iteration56_promo_and_endpoints.TestPublicContent" name="test_couple_mystery" time="4.050" /><testcase classname="backend.tests.test_iteration56_promo_and_endpoints.TestPublicContent" name="test_couple_compat_preview" time="0.043" /><testcase classname="backend.tests.test_iteration56_promo_and_endpoints.TestAuthRequired" name="test_v3_natal_401" time="0.080" /><testcase classname="backend.tests.test_iteration56_promo_and_endpoints.TestAuthRequired" name="test_v3_solar_return_401" time="0.042" /><testcase classname="backend.tests.test_iteration56_promo_and_endpoints.TestAuthRequired" name="test_v3_synastry_401" time="0.080" /><testcase classname="backend.tests.test_iteration56_promo_and_endpoints.TestAuthRequired" name="test_v3_love_languages_401" time="0.044" /><testcase classname="backend.tests.test_iteration56_promo_and_endpoints.TestAuthRequired" name="test_ritual_today_401" time="0.041" /><testcase classname="backend.tests.test_iteration56_promo_and_endpoints.TestAuthRequired" name="test_energy_today_401" time="0.042" /></testsuite></testsuites>