<?xml version="1.0" encoding="utf-8"?><testsuites name="pytest tests"><testsuite name="pytest" errors="0" failures="0" skipped="0" tests="25" time="17.139" timestamp="2026-05-29T12:59:19.523971+00:00" hostname="agent-env-71bfe53c-6e56-4d73-a3ad-82e18c69a6bf"><testcase classname="backend.tests.test_iteration26_astrology_v3.TestAuthRegression" name="test_auth_me_with_admin" time="0.811" /><testcase classname="backend.tests.test_iteration26_astrology_v3.TestAuthRegression" name="test_auth_me_without_token" time="0.119" /><testcase classname="backend.tests.test_iteration26_astrology_v3.TestAuthRegression" name="test_premium_status" time="0.301" /><testcase classname="backend.tests.test_iteration26_astrology_v3.TestAuthRegression" name="test_wallet_balance" time="0.255" /><testcase classname="backend.tests.test_iteration26_astrology_v3.TestSynastryV3" name="test_requires_auth" time="0.128" /><testcase classname="backend.tests.test_iteration26_astrology_v3.TestSynastryV3" name="test_validation_missing_required_fields" time="0.112" /><testcase classname="backend.tests.test_iteration26_astrology_v3.TestSynastryV3" name="test_validation_missing_person2_entirely" time="0.148" /><testcase classname="backend.tests.test_iteration26_astrology_v3.TestSynastryV3" name="test_relationship_types_accepted[love]" time="1.477" /><testcase classname="backend.tests.test_iteration26_astrology_v3.TestSynastryV3" name="test_relationship_types_accepted[friendship]" time="1.296" /><testcase classname="backend.tests.test_iteration26_astrology_v3.TestSynastryV3" name="test_relationship_types_accepted[family]" time="1.380" /><testcase classname="backend.tests.test_iteration26_astrology_v3.TestSynastryV3" name="test_relationship_types_accepted[work]" time="1.173" /><testcase classname="backend.tests.test_iteration26_astrology_v3.TestSynastryV3" name="test_invalid_relationship_type_defaults_to_love" time="1.282" /><testcase classname="backend.tests.test_iteration26_astrology_v3.TestNatalV3" name="test_requires_auth" time="0.122" /><testcase classname="backend.tests.test_iteration26_astrology_v3.TestNatalV3" name="test_uses_profile_when_person_not_provided" time="0.868" /><testcase classname="backend.tests.test_iteration26_astrology_v3.TestNatalV3" name="test_with_explicit_person" time="0.540" /><testcase classname="backend.tests.test_iteration26_astrology_v3.TestNatalV3" name="test_validation_invalid_person" time="0.112" /><testcase classname="backend.tests.test_iteration26_astrology_v3.TestLunarV3" name="test_requires_auth" time="0.111" /><testcase classname="backend.tests.test_iteration26_astrology_v3.TestLunarV3" name="test_with_admin_uses_profile" time="0.653" /><testcase classname="backend.tests.test_iteration26_astrology_v3.TestLunarV3" name="test_with_explicit_person" time="0.617" /><testcase classname="backend.tests.test_iteration26_astrology_v3.TestPositionsV3" name="test_requires_auth" time="0.152" /><testcase classname="backend.tests.test_iteration26_astrology_v3.TestPositionsV3" name="test_with_admin_uses_profile" time="0.676" /><testcase classname="backend.tests.test_iteration26_astrology_v3.TestPositionsV3" name="test_with_explicit_person" time="0.610" /><testcase classname="backend.tests.test_iteration26_astrology_v3.TestLegacyAstrology" name="test_horoscope_prediction_no_crash" time="0.785" /><testcase classname="backend.tests.test_iteration26_astrology_v3.TestLegacyAstrology" name="test_natal_chart_legacy" time="1.142" /><testcase classname="backend.tests.test_iteration26_astrology_v3.TestLegacyAstrology" name="test_karma_destiny" time="2.203" /></testsuite></testsuites>