<?xml version="1.0" encoding="utf-8"?><testsuites name="pytest tests"><testsuite name="pytest" errors="0" failures="0" skipped="0" tests="12" time="73.507" timestamp="2026-07-18T08:51:41.534692+00:00" hostname="agent-env-71bfe53c-6e56-4d73-a3ad-82e18c69a6bf"><testcase classname="backend.tests.test_iteration48_github_resync.TestPacksCatalog" name="test_get_packs_returns_all_products" time="0.204" /><testcase classname="backend.tests.test_iteration48_github_resync.TestPackKarmique" name="test_checkout_with_promo_and_status_polling" time="21.254" /><testcase classname="backend.tests.test_iteration48_github_resync.TestRencontres" name="test_checkout_missing_partner_first_name_returns_400" time="0.636" /><testcase classname="backend.tests.test_iteration48_github_resync.TestRencontres" name="test_checkout_missing_partner_birth_date_returns_400" time="0.676" /><testcase classname="backend.tests.test_iteration48_github_resync.TestRencontres" name="test_full_flow_reveal_checkout_delivered" time="34.123" /><testcase classname="backend.tests.test_iteration48_github_resync.TestOneshotSmokes" name="test_kabbale_checkout_promo_bypass" time="0.454" /><testcase classname="backend.tests.test_iteration48_github_resync.TestOneshotSmokes" name="test_github_oneshots_smoke_no_500[/api/numerologie/checkout]" time="0.606" /><testcase classname="backend.tests.test_iteration48_github_resync.TestOneshotSmokes" name="test_github_oneshots_smoke_no_500[/api/karma-destin/checkout]" time="0.317" /><testcase classname="backend.tests.test_iteration48_github_resync.TestOneshotSmokes" name="test_github_oneshots_smoke_no_500[/api/fenetre-rencontre-avancee/checkout]" time="0.480" /><testcase classname="backend.tests.test_iteration48_github_resync.TestOneshotSmokes" name="test_github_oneshots_with_promo_bypass" time="1.295" /><testcase classname="backend.tests.test_iteration48_github_resync.TestChatAndCredits" name="test_astrology_v3_chat" time="12.619" /><testcase classname="backend.tests.test_iteration48_github_resync.TestChatAndCredits" name="test_credits_checkout_nebuleuse" time="0.748" /></testsuite></testsuites>