<?xml version="1.0" encoding="utf-8"?><testsuites name="pytest tests"><testsuite name="pytest" errors="0" failures="0" skipped="0" tests="8" time="3.183" timestamp="2026-08-15T10:28:26.122960+00:00" hostname="agent-env-71bfe53c-6e56-4d73-a3ad-82e18c69a6bf"><testcase classname="backend.tests.test_iteration78_f500_regression" name="test_login_user_returns_token" time="0.744" /><testcase classname="backend.tests.test_iteration78_f500_regression" name="test_tarot_jour_public" time="0.748" /><testcase classname="backend.tests.test_iteration78_f500_regression" name="test_plume_chat_history_unauth" time="0.094" /><testcase classname="backend.tests.test_iteration78_f500_regression" name="test_capi_health_unauth" time="0.096" /><testcase classname="backend.tests.test_iteration78_f500_regression" name="test_capi_health_admin" time="0.815" /><testcase classname="backend.tests.test_iteration78_f500_regression" name="test_ig_token_refresh_unauth" time="0.093" /><testcase classname="backend.tests.test_iteration78_f500_regression" name="test_ig_token_refresh_admin" time="0.229" /><testcase classname="backend.tests.test_iteration78_f500_regression" name="test_video_generator_import" time="0.293" /></testsuite></testsuites>