<?xml version="1.0" encoding="utf-8"?><testsuites name="pytest tests"><testsuite name="pytest" errors="0" failures="0" skipped="0" tests="16" time="8.576" timestamp="2026-06-10T08:33:02.748067+00:00" hostname="agent-env-71bfe53c-6e56-4d73-a3ad-82e18c69a6bf"><testcase classname="backend.tests.test_iteration28_oracle_phase1.TestHealth" name="test_api_health" time="0.154" /><testcase classname="backend.tests.test_iteration28_oracle_phase1.TestOracleTeaser" name="test_teaser_happy_path_no_auth" time="0.128" /><testcase classname="backend.tests.test_iteration28_oracle_phase1.TestOracleTeaser" name="test_teaser_is_fast" time="0.103" /><testcase classname="backend.tests.test_iteration28_oracle_phase1.TestOracleTeaser" name="test_teaser_missing_first_name" time="0.102" /><testcase classname="backend.tests.test_iteration28_oracle_phase1.TestOracleTeaser" name="test_teaser_first_name_field_omitted" time="0.134" /><testcase classname="backend.tests.test_iteration28_oracle_phase1.TestOracleTeaser" name="test_teaser_invalid_birth_date_format" time="0.114" /><testcase classname="backend.tests.test_iteration28_oracle_phase1.TestOracleTeaser" name="test_teaser_master_number_22" time="0.149" /><testcase classname="backend.tests.test_iteration28_oracle_phase1.TestOracleCaptureEmail" name="test_capture_email_valid" time="0.771" /><testcase classname="backend.tests.test_iteration28_oracle_phase1.TestOracleCaptureEmail" name="test_capture_email_invalid" time="0.092" /><testcase classname="backend.tests.test_iteration28_oracle_phase1.TestOracleCaptureEmail" name="test_capture_email_empty" time="0.096" /><testcase classname="backend.tests.test_iteration28_oracle_phase1.TestOracleCaptureEmail" name="test_capture_email_no_auth_required" time="0.301" /><testcase classname="backend.tests.test_iteration28_oracle_phase1.TestRegressionAuthAndCredits" name="test_auth_me_admin" time="1.187" /><testcase classname="backend.tests.test_iteration28_oracle_phase1.TestRegressionAuthAndCredits" name="test_credits_use_chat_astral" time="1.342" /><testcase classname="backend.tests.test_iteration28_oracle_phase1.TestRegressionAuthAndCredits" name="test_credits_use_karma_destin" time="1.289" /><testcase classname="backend.tests.test_iteration28_oracle_phase1.TestRegressionAdmin" name="test_admin_grant_credits" time="1.786" /><testcase classname="backend.tests.test_iteration28_oracle_phase1.TestRegressionAdmin" name="test_admin_set_premium" time="0.758" /></testsuite></testsuites>