<?xml version="1.0" encoding="utf-8"?><testsuites name="pytest tests"><testsuite name="pytest" errors="0" failures="0" skipped="0" tests="15" time="18.481" timestamp="2026-07-07T14:41:54.123287+00:00" hostname="agent-env-71bfe53c-6e56-4d73-a3ad-82e18c69a6bf"><testcase classname="tests.test_iteration37_ultime_status.TestStatusEndpointStages" name="test_stage_delivered" time="2.194" /><testcase classname="tests.test_iteration37_ultime_status.TestStatusEndpointStages" name="test_stage_generating" time="0.479" /><testcase classname="tests.test_iteration37_ultime_status.TestStatusEndpointStages" name="test_stage_pending" time="0.467" /><testcase classname="tests.test_iteration37_ultime_status.TestStatusEndpointStages" name="test_stage_emailing" time="0.255" /><testcase classname="tests.test_iteration37_ultime_status.TestStatusEndpointStages" name="test_stage_error_unknown_session" time="0.241" /><testcase classname="tests.test_iteration37_ultime_status.TestPreseededSessions" name="test_preseeded_delivered" time="0.267" /><testcase classname="tests.test_iteration37_ultime_status.TestPreseededSessions" name="test_preseeded_pending" time="0.246" /><testcase classname="tests.test_iteration37_ultime_status.TestStatusEdgeCases" name="test_missing_session_id_returns_clean_error" time="0.103" /><testcase classname="tests.test_iteration37_ultime_status.TestStatusEdgeCases" name="test_empty_session_id_returns_clean_error" time="0.109" /><testcase classname="tests.test_iteration37_ultime_status.TestStatusEdgeCases" name="test_sql_injection_like_session_id_is_safe" time="1.113" /><testcase classname="tests.test_iteration37_ultime_status.TestStatusEdgeCases" name="test_response_has_stage_and_message_keys" time="0.960" /><testcase classname="tests.test_iteration37_ultime_status.TestRegressionOtherEndpoints" name="test_reveal_still_works" time="0.924" /><testcase classname="tests.test_iteration37_ultime_status.TestRegressionOtherEndpoints" name="test_capture_still_works" time="1.805" /><testcase classname="tests.test_iteration37_ultime_status.TestRegressionOtherEndpoints" name="test_checkout_still_works" time="6.264" /><testcase classname="tests.test_iteration37_ultime_status.TestRegressionOtherEndpoints" name="test_plume_chat_still_works" time="2.957" /></testsuite></testsuites>