<?xml version="1.0" encoding="utf-8"?><testsuites name="pytest tests"><testsuite name="pytest" errors="0" failures="0" skipped="0" tests="6" time="1.497" timestamp="2026-06-22T10:18:01.355383+00:00" hostname="agent-env-71bfe53c-6e56-4d73-a3ad-82e18c69a6bf"><testcase classname="backend.tests.test_iteration29_premium_portal" name="test_health" time="0.152" /><testcase classname="backend.tests.test_iteration29_premium_portal" name="test_premium_status_requires_auth" time="0.098" /><testcase classname="backend.tests.test_iteration29_premium_portal" name="test_premium_portal_requires_auth" time="0.094" /><testcase classname="backend.tests.test_iteration29_premium_portal" name="test_premium_status_authenticated" time="0.361" /><testcase classname="backend.tests.test_iteration29_premium_portal" name="test_premium_portal_authenticated_admin" time="0.634" /><testcase classname="backend.tests.test_iteration29_premium_portal" name="test_oracle_teaser_still_public" time="0.088" /></testsuite></testsuites>