<?xml version="1.0" encoding="utf-8"?><testsuites name="pytest tests"><testsuite name="pytest" errors="0" failures="0" skipped="0" tests="6" time="8.191" timestamp="2026-07-09T14:02:41.645385+00:00" hostname="agent-env-71bfe53c-6e56-4d73-a3ad-82e18c69a6bf"><testcase classname="backend.tests.test_iteration43_design_v2_products.TestHealth" name="test_root" time="0.269" /><testcase classname="backend.tests.test_iteration43_design_v2_products.TestKabbale" name="test_checkout_creates_stripe_session" time="1.145" /><testcase classname="backend.tests.test_iteration43_design_v2_products.TestKabbale" name="test_status_returns_state" time="0.406" /><testcase classname="backend.tests.test_iteration43_design_v2_products.TestKabbale" name="test_checkout_rejects_invalid_email" time="0.048" /><testcase classname="backend.tests.test_iteration43_design_v2_products.TestPlumeChatSolena" name="test_prompt_is_garyvee" time="4.400" /><testcase classname="backend.tests.test_iteration43_design_v2_products.TestArchetype" name="test_generate_returns_archetype" time="1.856" /></testsuite></testsuites>