<?xml version="1.0" encoding="utf-8"?><testsuites name="pytest tests"><testsuite name="pytest" errors="0" failures="0" skipped="0" tests="14" time="17.955" timestamp="2026-08-07T12:24:34.701087+00:00" hostname="agent-env-71bfe53c-6e56-4d73-a3ad-82e18c69a6bf"><testcase classname="backend.tests.test_admin_pdf_security" name="test_admin_pdf_test_requires_auth[astrocartographie]" time="5.802" /><testcase classname="backend.tests.test_admin_pdf_security" name="test_admin_pdf_test_requires_auth[kabbale]" time="0.471" /><testcase classname="backend.tests.test_admin_pdf_security" name="test_admin_pdf_test_requires_auth[karma-destin]" time="0.500" /><testcase classname="backend.tests.test_admin_pdf_security" name="test_admin_pdf_test_requires_auth[numerologie]" time="1.375" /><testcase classname="backend.tests.test_admin_pdf_security" name="test_admin_pdf_test_requires_auth[theme-natal]" time="0.491" /><testcase classname="backend.tests.test_admin_pdf_security" name="test_admin_pdf_test_requires_auth[synastrie]" time="0.190" /><testcase classname="backend.tests.test_admin_pdf_security" name="test_admin_pdf_test_bad_token" time="0.484" /><testcase classname="backend.tests.test_admin_pdf_security" name="test_pdf_preview_public_kabbale" time="2.357" /><testcase classname="backend.tests.test_admin_pdf_security" name="test_pdf_preview_public_astrocartographie" time="2.812" /><testcase classname="backend.tests.test_admin_pdf_security" name="test_public_pages_return_200[/credits]" time="0.849" /><testcase classname="backend.tests.test_admin_pdf_security" name="test_public_pages_return_200[/choix]" time="0.486" /><testcase classname="backend.tests.test_admin_pdf_security" name="test_public_pages_return_200[/astrocartographie]" time="0.497" /><testcase classname="backend.tests.test_admin_pdf_security" name="test_public_pages_return_200[/livres]" time="1.286" /><testcase classname="backend.tests.test_admin_pdf_security" name="test_outils_redirects[/outils/tarot-/services/tarot]" time="0.281" /></testsuite></testsuites>