<?xml version="1.0" encoding="utf-8"?><testsuites name="pytest tests"><testsuite name="pytest" errors="0" failures="1" skipped="0" tests="9" time="3.367" timestamp="2026-08-02T09:25:27.676426+00:00" hostname="agent-env-71bfe53c-6e56-4d73-a3ad-82e18c69a6bf"><testcase classname="backend.tests.test_iteration59_lecture_complete_admin.TestAdminOrdersAuth" name="test_admin_orders_no_auth_returns_401" time="1.889" /><testcase classname="backend.tests.test_iteration59_lecture_complete_admin.TestAdminOrdersAuth" name="test_admin_orders_invalid_token_401" time="0.128" /><testcase classname="backend.tests.test_iteration59_lecture_complete_admin.TestAdminRedispatchAuth" name="test_redispatch_no_auth_401" time="0.099" /><testcase classname="backend.tests.test_iteration59_lecture_complete_admin.TestCercleStatus" name="test_cercle_status_no_auth_returns_inactive" time="0.128" /><testcase classname="backend.tests.test_iteration59_lecture_complete_admin.TestScarcityCache" name="test_scarcity_returns_valid_structure" time="0.313" /><testcase classname="backend.tests.test_iteration59_lecture_complete_admin.TestScarcityCache" name="test_scarcity_cache_returns_identical_object" time="0.722" /><testcase classname="backend.tests.test_iteration59_lecture_complete_admin.TestSequenceLoopStructure" name="test_sequence_module_importable" time="0.000"><failure message="ModuleNotFoundError: No module named 'services'">backend/tests/test_iteration59_lecture_complete_admin.py:60: in test_sequence_module_importable
    from services import lecture_complete_sequence as seq
E   ModuleNotFoundError: No module named 'services'</failure></testcase><testcase classname="backend.tests.test_iteration59_lecture_complete_admin.TestSequenceLoopStructure" name="test_server_startup_registers_loop" time="0.001" /><testcase classname="backend.tests.test_iteration59_lecture_complete_admin.TestSequenceLoopStructure" name="test_scarcity_cache_uses_monotonic" time="0.000" /></testsuite></testsuites>