<?xml version="1.0" encoding="utf-8"?><testsuites name="pytest tests"><testsuite name="pytest" errors="0" failures="0" skipped="0" tests="8" time="1.001" timestamp="2026-08-02T09:12:07.902773+00:00" hostname="agent-env-71bfe53c-6e56-4d73-a3ad-82e18c69a6bf"><testcase classname="backend.tests.test_lecture_complete_scarcity.TestScarcity" name="test_scarcity_endpoint_returns_valid_json" time="0.303" /><testcase classname="backend.tests.test_lecture_complete_scarcity.TestScarcity" name="test_scarcity_fields_types_and_ranges" time="0.236" /><testcase classname="backend.tests.test_lecture_complete_scarcity.TestScarcity" name="test_status_endpoint_requires_session_id" time="0.127" /><testcase classname="backend.tests.test_lecture_complete_scarcity.TestScarcity" name="test_status_endpoint_unknown_session" time="0.264" /><testcase classname="backend.tests.test_lecture_complete_scarcity.TestBundleOrchestrationCodeStructure" name="test_server_has_lecture_complete_webhook_hook" time="0.001" /><testcase classname="backend.tests.test_lecture_complete_scarcity.TestBundleOrchestrationCodeStructure" name="test_bundle_service_five_kinds" time="0.000" /><testcase classname="backend.tests.test_lecture_complete_scarcity.TestBundleOrchestrationCodeStructure" name="test_route_bypass_triggers_bundle" time="0.000" /><testcase classname="backend.tests.test_lecture_complete_scarcity.TestBundleOrchestrationCodeStructure" name="test_status_returns_bundle_fields" time="0.000" /></testsuite></testsuites>