<?xml version="1.0" encoding="utf-8"?><testsuites name="pytest tests"><testsuite name="pytest" errors="0" failures="0" skipped="0" tests="22" time="52.276" timestamp="2026-02-28T16:09:56.387414+00:00" hostname="agent-env-29e612d2-d12f-4ddf-907b-bf5e6fa29109"><testcase classname="backend.tests.test_pdf_v4_enriched.TestPDFGenerateEndpoint" name="test_pdf_generate_returns_200" time="3.723" /><testcase classname="backend.tests.test_pdf_v4_enriched.TestPDFGenerateEndpoint" name="test_pdf_generate_returns_pdf_content_type" time="3.595" /><testcase classname="backend.tests.test_pdf_v4_enriched.TestPDFGenerateEndpoint" name="test_pdf_generate_has_content_disposition" time="3.556" /><testcase classname="backend.tests.test_pdf_v4_enriched.TestProHoroscopePDFEndpoint" name="test_pro_horoscope_returns_200" time="2.590" /><testcase classname="backend.tests.test_pdf_v4_enriched.TestProHoroscopePDFEndpoint" name="test_pro_horoscope_returns_pdf_content_type" time="2.579" /><testcase classname="backend.tests.test_pdf_v4_enriched.TestProHoroscopePDFEndpoint" name="test_pro_horoscope_pdf_size_indicates_enriched_content" time="2.539" /><testcase classname="backend.tests.test_pdf_v4_enriched.TestPDFPreviewEndpoint" name="test_pdf_preview_returns_200" time="4.005" /><testcase classname="backend.tests.test_pdf_v4_enriched.TestPDFPreviewEndpoint" name="test_pdf_preview_returns_previews_array" time="4.101" /><testcase classname="backend.tests.test_pdf_v4_enriched.TestPDFPreviewEndpoint" name="test_pdf_preview_returns_total_pages" time="4.499" /><testcase classname="backend.tests.test_pdf_v4_enriched.TestPDFPreviewEndpoint" name="test_pdf_preview_has_25_plus_pages" time="3.999" /><testcase classname="backend.tests.test_pdf_v4_enriched.TestDiscountCodeValidation" name="test_plume2026_discount_valid" time="0.129" /><testcase classname="backend.tests.test_pdf_v4_enriched.TestDiscountCodeValidation" name="test_invalid_code_returns_invalid" time="0.143" /><testcase classname="backend.tests.test_pdf_v4_enriched.TestAstrologyHoroscopeEndpoint" name="test_astrology_horoscope_returns_200" time="2.169" /><testcase classname="backend.tests.test_pdf_v4_enriched.TestAstrologyHoroscopeEndpoint" name="test_astrology_horoscope_returns_planets" time="2.143" /><testcase classname="backend.tests.test_pdf_v4_enriched.TestAstrologyHoroscopeEndpoint" name="test_astrology_horoscope_returns_houses" time="2.123" /><testcase classname="backend.tests.test_pdf_v4_enriched.TestAstrologyHoroscopeEndpoint" name="test_astrology_horoscope_returns_aspects" time="2.127" /><testcase classname="backend.tests.test_pdf_v4_enriched.TestAstrologyPlanetsEndpoint" name="test_astrology_planets_returns_200" time="2.116" /><testcase classname="backend.tests.test_pdf_v4_enriched.TestAstrologyPlanetsEndpoint" name="test_astrology_planets_returns_planet_positions" time="2.093" /><testcase classname="backend.tests.test_pdf_v4_enriched.TestPDFContentSections" name="test_pdf_has_substantial_content" time="3.544" /><testcase classname="backend.tests.test_pdf_v4_enriched.TestRegressionExistingFeatures" name="test_root_endpoint" time="0.135" /><testcase classname="backend.tests.test_pdf_v4_enriched.TestRegressionExistingFeatures" name="test_products_endpoint" time="0.119" /><testcase classname="backend.tests.test_pdf_v4_enriched.TestRegressionExistingFeatures" name="test_tarot_oui_non_endpoint" time="0.116" /></testsuite></testsuites>