<?xml version="1.0" encoding="utf-8"?><testsuites name="pytest tests"><testsuite name="pytest" errors="0" failures="0" skipped="0" tests="20" time="1.821" timestamp="2026-03-04T17:36:42.467512+00:00" hostname="agent-env-29488c6c-9191-4608-a4af-6d2b89d44ea4"><testcase classname="backend.tests.test_iteration16_tirage_jour.TestTirageDuJour" name="test_tirage_jour_returns_success" time="0.217" /><testcase classname="backend.tests.test_iteration16_tirage_jour.TestTirageDuJour" name="test_tirage_jour_has_data" time="0.179" /><testcase classname="backend.tests.test_iteration16_tirage_jour.TestTirageDuJour" name="test_tirage_jour_has_french_date" time="0.118" /><testcase classname="backend.tests.test_iteration16_tirage_jour.TestTirageDuJour" name="test_tirage_jour_has_carte_object" time="0.173" /><testcase classname="backend.tests.test_iteration16_tirage_jour.TestTirageDuJour" name="test_tirage_jour_has_message_energie" time="0.167" /><testcase classname="backend.tests.test_iteration16_tirage_jour.TestTirageDuJour" name="test_tirage_jour_has_affirmation" time="0.204" /><testcase classname="backend.tests.test_iteration16_tirage_jour.TestTirageDuJour" name="test_tirage_jour_has_rituel_suggere" time="0.101" /><testcase classname="backend.tests.test_iteration16_tirage_jour.TestTirageDuJour" name="test_tirage_jour_orientation_is_valid" time="0.124" /><testcase classname="backend.tests.test_iteration16_tirage_jour.TestTirageDuJour" name="test_tirage_jour_mots_cles_is_list" time="0.108" /><testcase classname="backend.tests.test_iteration16_tirage_jour.TestTirageDuJour" name="test_tirage_jour_element_is_valid" time="0.128" /><testcase classname="backend.tests.test_iteration16_tirage_jour.TestNavbarAccents" name="test_navbar_has_theme_astral_accent" time="0.000" /><testcase classname="backend.tests.test_iteration16_tirage_jour.TestNavbarAccents" name="test_navbar_has_numerologie_accent" time="0.000" /><testcase classname="backend.tests.test_iteration16_tirage_jour.TestNavbarAccents" name="test_navbar_has_compatibilite_accent" time="0.000" /><testcase classname="backend.tests.test_iteration16_tirage_jour.TestChoixPageAccents" name="test_choix_has_annee_personnelle_accent" time="0.000" /><testcase classname="backend.tests.test_iteration16_tirage_jour.TestChoixPageAccents" name="test_choix_has_identite_celeste_accents" time="0.000" /><testcase classname="backend.tests.test_iteration16_tirage_jour.TestChoixPageAccents" name="test_choix_has_pdf_telechargeable_accents" time="0.000" /><testcase classname="backend.tests.test_iteration16_tirage_jour.TestChoixPageAccents" name="test_choix_has_tirage_tarot_personnalise_accent" time="0.000" /><testcase classname="backend.tests.test_iteration16_tirage_jour.TestChoixPageAccents" name="test_choix_has_compatibilite_amoureuse_accent" time="0.000" /><testcase classname="backend.tests.test_iteration16_tirage_jour.TestTarologiePageAccents" name="test_tarologie_has_mediumnie_accent" time="0.000" /><testcase classname="backend.tests.test_iteration16_tirage_jour.TestBackendDateFormatting" name="test_date_format_fr_function_exists" time="0.179" /></testsuite></testsuites>