<?xml version="1.0" encoding="utf-8"?><testsuites name="pytest tests"><testsuite name="pytest" errors="0" failures="0" skipped="0" tests="10" time="4.184" timestamp="2026-03-01T13:50:35.921183+00:00" hostname="agent-env-ad508fc9-94e6-425b-b87b-79219b47b71e"><testcase classname="backend.tests.test_iteration13_redesign.TestBackendAPIs" name="test_root_endpoint" time="0.157" /><testcase classname="backend.tests.test_iteration13_redesign.TestBackendAPIs" name="test_tarot_oui_non" time="0.117" /><testcase classname="backend.tests.test_iteration13_redesign.TestBackendAPIs" name="test_numerology_complete" time="2.074" /><testcase classname="backend.tests.test_iteration13_redesign.TestBackendAPIs" name="test_daily_horoscope" time="1.071" /><testcase classname="backend.tests.test_iteration13_redesign.TestDiscountCodes" name="test_discount_validate_plume2026" time="0.103" /><testcase classname="backend.tests.test_iteration13_redesign.TestDiscountCodes" name="test_discount_validate_invalid_code" time="0.101" /><testcase classname="backend.tests.test_iteration13_redesign.TestDiscountCodes" name="test_discount_case_insensitive" time="0.110" /><testcase classname="backend.tests.test_iteration13_redesign.TestDiscountCodes" name="test_free_access_with_promo" time="0.111" /><testcase classname="backend.tests.test_iteration13_redesign.TestTarologieTirage" name="test_tarologie_tirage" time="0.161" /><testcase classname="backend.tests.test_iteration13_redesign.TestProducts" name="test_products_list" time="0.118" /></testsuite></testsuites>