<?xml version="1.0" encoding="utf-8"?><testsuites name="pytest tests"><testsuite name="pytest" errors="0" failures="0" skipped="0" tests="21" time="4.539" timestamp="2026-03-06T11:45:31.940903+00:00" hostname="agent-env-76e9f357-05c7-41b3-993b-875315510ce7"><testcase classname="backend.tests.test_credit_system.TestPublicEndpoints" name="test_root_endpoint" time="0.138" /><testcase classname="backend.tests.test_credit_system.TestPublicEndpoints" name="test_get_credit_packs" time="0.097" /><testcase classname="backend.tests.test_credit_system.TestPublicEndpoints" name="test_get_service_costs" time="0.103" /><testcase classname="backend.tests.test_credit_system.TestUserRegistration" name="test_registration_returns_token" time="0.343" /><testcase classname="backend.tests.test_credit_system.TestUserRegistration" name="test_registration_returns_user_profile" time="0.000" /><testcase classname="backend.tests.test_credit_system.TestUserRegistration" name="test_registration_gives_20_bonus_credits" time="0.000" /><testcase classname="backend.tests.test_credit_system.TestUserRegistration" name="test_duplicate_registration_fails" time="0.097" /><testcase classname="backend.tests.test_credit_system.TestUserLogin" name="test_login_success" time="0.690" /><testcase classname="backend.tests.test_credit_system.TestUserLogin" name="test_login_invalid_password" time="0.321" /><testcase classname="backend.tests.test_credit_system.TestUserLogin" name="test_login_nonexistent_user" time="0.102" /><testcase classname="backend.tests.test_credit_system.TestAuthenticatedEndpoints" name="test_get_me_returns_profile" time="0.439" /><testcase classname="backend.tests.test_credit_system.TestAuthenticatedEndpoints" name="test_get_me_without_auth_fails" time="0.093" /><testcase classname="backend.tests.test_credit_system.TestAuthenticatedEndpoints" name="test_wallet_balance" time="0.112" /><testcase classname="backend.tests.test_credit_system.TestAuthenticatedEndpoints" name="test_wallet_transactions" time="0.099" /><testcase classname="backend.tests.test_credit_system.TestAuthenticatedEndpoints" name="test_check_free_tarot_not_used" time="0.098" /><testcase classname="backend.tests.test_credit_system.TestCreditUsage" name="test_first_tarot_free" time="0.420" /><testcase classname="backend.tests.test_credit_system.TestCreditUsage" name="test_second_tarot_costs_credits" time="0.203" /><testcase classname="backend.tests.test_credit_system.TestCreditUsage" name="test_invalid_service_fails" time="0.098" /><testcase classname="backend.tests.test_credit_system.TestCreditCheckout" name="test_create_checkout_session" time="0.827" /><testcase classname="backend.tests.test_credit_system.TestCreditCheckout" name="test_checkout_invalid_pack_fails" time="0.110" /><testcase classname="backend.tests.test_credit_system.TestCreditCheckout" name="test_checkout_without_auth_fails" time="0.094" /></testsuite></testsuites>