<?xml version="1.0" encoding="utf-8"?><testsuites name="pytest tests"><testsuite name="pytest" errors="0" failures="0" skipped="0" tests="12" time="54.960" timestamp="2026-03-01T17:12:46.840001+00:00" hostname="agent-env-3314589d-e50e-4d7a-b2ad-73bb418aab7a"><testcase classname="backend.tests.test_iteration15_premium.TestHealthCheck" name="test_api_root" time="0.278" /><testcase classname="backend.tests.test_iteration15_premium.TestPremiumProducts" name="test_products_endpoint" time="0.116" /><testcase classname="backend.tests.test_iteration15_premium.TestPremiumProducts" name="test_premium_product_details" time="0.099" /><testcase classname="backend.tests.test_iteration15_premium.TestDiscountCode" name="test_plume2026_valid" time="0.154" /><testcase classname="backend.tests.test_iteration15_premium.TestDiscountCode" name="test_plume2026_lowercase" time="0.118" /><testcase classname="backend.tests.test_iteration15_premium.TestDiscountCode" name="test_invalid_code" time="0.163" /><testcase classname="backend.tests.test_iteration15_premium.TestFreeAccess" name="test_free_access_with_plume2026" time="0.136" /><testcase classname="backend.tests.test_iteration15_premium.TestFreeAccess" name="test_free_access_without_code" time="0.127" /><testcase classname="backend.tests.test_iteration15_premium.TestFreeAccess" name="test_free_access_invalid_product" time="0.124" /><testcase classname="backend.tests.test_iteration15_premium.TestPremiumGenerate" name="test_premium_generate_request" time="53.125" /><testcase classname="backend.tests.test_iteration15_premium.TestPremiumPDF" name="test_premium_pdf_generation" time="0.187" /><testcase classname="backend.tests.test_iteration15_premium.TestPremiumPDF" name="test_premium_pdf_missing_data" time="0.143" /></testsuite></testsuites>