<?xml version="1.0" encoding="utf-8"?><testsuites name="pytest tests"><testsuite name="pytest" errors="0" failures="0" skipped="0" tests="13" time="24.957" timestamp="2026-02-28T16:27:40.408995+00:00" hostname="agent-env-29e612d2-d12f-4ddf-907b-bf5e6fa29109"><testcase classname="backend.tests.test_share_card.TestShareCardGeneration" name="test_share_card_returns_200" time="2.408" /><testcase classname="backend.tests.test_share_card.TestShareCardGeneration" name="test_share_card_returns_png_content_type" time="2.193" /><testcase classname="backend.tests.test_share_card.TestShareCardGeneration" name="test_share_card_has_content_disposition" time="2.149" /><testcase classname="backend.tests.test_share_card.TestShareCardGeneration" name="test_share_card_size_greater_than_10kb" time="2.164" /><testcase classname="backend.tests.test_share_card.TestShareCardGeneration" name="test_share_card_is_valid_png" time="2.196" /><testcase classname="backend.tests.test_share_card.TestShareCardGeneration" name="test_share_card_dimensions_1080x1350" time="2.204" /><testcase classname="backend.tests.test_share_card.TestShareCardGeneration" name="test_share_card_with_minimal_data" time="1.200" /><testcase classname="backend.tests.test_share_card.TestRegressionPDFEndpoints" name="test_pdf_pro_horoscope_still_works" time="2.499" /><testcase classname="backend.tests.test_share_card.TestRegressionPDFEndpoints" name="test_pdf_preview_still_works" time="3.999" /><testcase classname="backend.tests.test_share_card.TestRegressionPDFEndpoints" name="test_pdf_generate_still_works" time="3.548" /><testcase classname="backend.tests.test_share_card.TestRegressionOtherEndpoints" name="test_api_root_endpoint" time="0.100" /><testcase classname="backend.tests.test_share_card.TestRegressionOtherEndpoints" name="test_products_endpoint" time="0.111" /><testcase classname="backend.tests.test_share_card.TestRegressionOtherEndpoints" name="test_discount_validate" time="0.110" /></testsuite></testsuites>