<?xml version="1.0" encoding="utf-8"?><testsuites name="pytest tests"><testsuite name="pytest" errors="0" failures="0" skipped="0" tests="20" time="11.511" timestamp="2026-02-25T11:58:00.021048+00:00" hostname="agent-env-0cd5a5de-2bf3-4529-86fc-de9fbf9b851c"><testcase classname="backend.tests.test_new_features.TestDailyContentAPI" name="test_daily_content_all_signs" time="1.397" /><testcase classname="backend.tests.test_new_features.TestDailyContentAPI" name="test_daily_content_aries_structure" time="0.111" /><testcase classname="backend.tests.test_new_features.TestDailyContentAPI" name="test_daily_content_invalid_sign" time="0.112" /><testcase classname="backend.tests.test_new_features.TestDailyContentAPI" name="test_daily_content_lucky_numbers" time="0.113" /><testcase classname="backend.tests.test_new_features.TestTarotOuiNonAPI" name="test_tarot_oui_non_valid_question" time="0.104" /><testcase classname="backend.tests.test_new_features.TestTarotOuiNonAPI" name="test_tarot_oui_non_empty_question" time="0.105" /><testcase classname="backend.tests.test_new_features.TestTarotOuiNonAPI" name="test_tarot_oui_non_different_questions" time="0.321" /><testcase classname="backend.tests.test_new_features.TestTarologieMediumniteAPI" name="test_tarologie_tirage_valid" time="0.125" /><testcase classname="backend.tests.test_new_features.TestTarologieMediumniteAPI" name="test_tarologie_tirage_lecture_mediumnique" time="0.109" /><testcase classname="backend.tests.test_new_features.TestTarologieMediumniteAPI" name="test_tarologie_tirage_empty_prenom" time="0.114" /><testcase classname="backend.tests.test_new_features.TestTarologieMediumniteAPI" name="test_tarologie_pdf_generation" time="0.182" /><testcase classname="backend.tests.test_new_features.TestPdfPreviewAPI" name="test_pdf_preview_valid" time="1.962" /><testcase classname="backend.tests.test_new_features.TestPdfPreviewAPI" name="test_pdf_preview_minimal_data" time="1.685" /><testcase classname="backend.tests.test_new_features.TestNewProductCheckouts" name="test_checkout_tarot_oui_non" time="0.607" /><testcase classname="backend.tests.test_new_features.TestNewProductCheckouts" name="test_checkout_tarologie_mediumnite" time="0.458" /><testcase classname="backend.tests.test_new_features.TestNewProductCheckouts" name="test_checkout_invalid_product" time="0.116" /><testcase classname="backend.tests.test_new_features.TestProductsAPI" name="test_products_list" time="0.120" /><testcase classname="backend.tests.test_new_features.TestExistingFlowRegression" name="test_discount_validate_astro100" time="0.101" /><testcase classname="backend.tests.test_new_features.TestExistingFlowRegression" name="test_free_access_with_astro100" time="0.104" /><testcase classname="backend.tests.test_new_features.TestExistingFlowRegression" name="test_pdf_generate" time="3.431" /></testsuite></testsuites>