<?xml version="1.0" encoding="utf-8"?><testsuites name="pytest tests"><testsuite name="pytest" errors="0" failures="0" skipped="0" tests="12" time="6.106" timestamp="2026-03-06T16:57:33.470050+00:00" hostname="agent-env-76e9f357-05c7-41b3-993b-875315510ce7"><testcase classname="backend.tests.test_iteration21_promo_cercle.TestPromoCodeSystem" name="test_promo_code_plumeastrale_100_credits" time="0.613" /><testcase classname="backend.tests.test_iteration21_promo_cercle.TestPromoCodeSystem" name="test_promo_code_testplume_200_credits" time="0.477" /><testcase classname="backend.tests.test_iteration21_promo_cercle.TestPromoCodeSystem" name="test_promo_code_bienvenue_50_credits" time="0.489" /><testcase classname="backend.tests.test_iteration21_promo_cercle.TestPromoCodeSystem" name="test_promo_code_invalid_returns_error" time="0.469" /><testcase classname="backend.tests.test_iteration21_promo_cercle.TestPromoCodeSystem" name="test_promo_code_duplicate_use_returns_error" time="0.594" /><testcase classname="backend.tests.test_iteration21_promo_cercle.TestPromoCodeSystem" name="test_promo_code_case_insensitive" time="0.493" /><testcase classname="backend.tests.test_iteration21_promo_cercle.TestPromoCodeSystem" name="test_promo_code_requires_auth" time="0.136" /><testcase classname="backend.tests.test_iteration21_promo_cercle.TestCarteDuJour" name="test_tarot_jour_returns_card" time="0.141" /><testcase classname="backend.tests.test_iteration21_promo_cercle.TestCreditPacksAndServiceCosts" name="test_credit_packs_available" time="0.113" /><testcase classname="backend.tests.test_iteration21_promo_cercle.TestCreditPacksAndServiceCosts" name="test_service_costs_available" time="0.120" /><testcase classname="backend.tests.test_iteration21_promo_cercle.TestNumerologyEndpoint" name="test_numerology_complete_endpoint" time="2.201" /><testcase classname="backend.tests.test_iteration21_promo_cercle.TestTarologieTirage" name="test_tarologie_tirage_endpoint" time="0.142" /></testsuite></testsuites>