<?xml version="1.0" encoding="utf-8"?><testsuites name="pytest tests"><testsuite name="pytest" errors="0" failures="1" skipped="0" tests="9" time="4.236" timestamp="2026-03-01T14:05:01.138343+00:00" hostname="agent-env-ad508fc9-94e6-425b-b87b-79219b47b71e"><testcase classname="backend.tests.test_iteration14_design.TestBackendAPIs" name="test_health_check" time="0.132" /><testcase classname="backend.tests.test_iteration14_design.TestBackendAPIs" name="test_tarot_oui_non" time="0.103" /><testcase classname="backend.tests.test_iteration14_design.TestBackendAPIs" name="test_numerology_complete" time="2.190" /><testcase classname="backend.tests.test_iteration14_design.TestBackendAPIs" name="test_daily_horoscope" time="1.082" /><testcase classname="backend.tests.test_iteration14_design.TestBackendAPIs" name="test_promo_code_valid" time="0.188" /><testcase classname="backend.tests.test_iteration14_design.TestBackendAPIs" name="test_promo_code_invalid" time="0.124" /><testcase classname="backend.tests.test_iteration14_design.TestBackendAPIs" name="test_free_access_with_promo" time="0.102"><failure message="assert 422 == 200&#10; +  where 422 = &lt;Response [422]&gt;.status_code">backend/tests/test_iteration14_design.py:94: in test_free_access_with_promo
    assert response.status_code == 200
E   assert 422 == 200
E    +  where 422 = &lt;Response [422]&gt;.status_code</failure></testcase><testcase classname="backend.tests.test_iteration14_design.TestBackendAPIs" name="test_tarologie_tirage" time="0.114" /><testcase classname="backend.tests.test_iteration14_design.TestBackendAPIs" name="test_products_catalog" time="0.129" /></testsuite></testsuites>