<?xml version="1.0" encoding="utf-8"?><testsuites name="pytest tests"><testsuite name="pytest" errors="0" failures="0" skipped="0" tests="13" time="1.787" timestamp="2026-02-25T13:10:08.100557+00:00" hostname="agent-env-80f9a54b-e21f-4c1c-a0c4-2af8fb326466"><testcase classname="backend.tests.test_tirage_croix.TestTirageEnCroix" name="test_tirage_returns_5_cards" time="0.179" /><testcase classname="backend.tests.test_tirage_croix.TestTirageEnCroix" name="test_tirage_has_type_croix" time="0.106" /><testcase classname="backend.tests.test_tirage_croix.TestTirageEnCroix" name="test_tirage_has_all_position_ids" time="0.113" /><testcase classname="backend.tests.test_tirage_croix.TestTirageEnCroix" name="test_each_card_has_interpretation" time="0.166" /><testcase classname="backend.tests.test_tirage_croix.TestTirageEnCroix" name="test_each_card_has_position_nom_and_description" time="0.106" /><testcase classname="backend.tests.test_tirage_croix.TestTirageEnCroix" name="test_cards_have_image_urls" time="0.120" /><testcase classname="backend.tests.test_tirage_croix.TestTirageEnCroix" name="test_cards_have_mots_cles_and_description_arcane" time="0.115" /><testcase classname="backend.tests.test_tirage_croix.TestTirageEnCroix" name="test_tirage_has_lecture_mediumnique" time="0.125" /><testcase classname="backend.tests.test_tirage_croix.TestTarologiePDF" name="test_pdf_generation" time="0.141" /><testcase classname="backend.tests.test_tirage_croix.TestTarologiePDF" name="test_pdf_has_correct_filename" time="0.125" /><testcase classname="backend.tests.test_tirage_croix.TestRegressionTarotOuiNon" name="test_tarot_oui_non_still_works" time="0.115" /><testcase classname="backend.tests.test_tirage_croix.TestRegressionProducts" name="test_products_endpoint" time="0.112" /><testcase classname="backend.tests.test_tirage_croix.TestRegressionProducts" name="test_discount_code_plume2026" time="0.132" /></testsuite></testsuites>