<?xml version="1.0" encoding="utf-8"?><testsuites name="pytest tests"><testsuite name="pytest" errors="0" failures="0" skipped="0" tests="20" time="43.612" timestamp="2026-02-28T16:49:43.556287+00:00" hostname="agent-env-29e612d2-d12f-4ddf-907b-bf5e6fa29109"><testcase classname="backend.tests.test_phase1_astrology_api.TestMoonPhaseEndpoint" name="test_moon_phase_returns_200" time="1.121" /><testcase classname="backend.tests.test_phase1_astrology_api.TestMoonPhaseEndpoint" name="test_moon_phase_has_success_field" time="1.078" /><testcase classname="backend.tests.test_phase1_astrology_api.TestMoonPhaseEndpoint" name="test_moon_phase_has_phase_french" time="1.085" /><testcase classname="backend.tests.test_phase1_astrology_api.TestMoonPhaseEndpoint" name="test_moon_phase_has_phase_en" time="1.101" /><testcase classname="backend.tests.test_phase1_astrology_api.TestMoonPhaseEndpoint" name="test_moon_phase_has_conseil" time="1.112" /><testcase classname="backend.tests.test_phase1_astrology_api.TestMoonPhaseEndpoint" name="test_moon_phase_has_signification" time="1.131" /><testcase classname="backend.tests.test_phase1_astrology_api.TestDailyEndpointWithMoonPhase" name="test_daily_gemini_returns_200" time="1.084" /><testcase classname="backend.tests.test_phase1_astrology_api.TestDailyEndpointWithMoonPhase" name="test_daily_has_phase_lunaire_field" time="1.090" /><testcase classname="backend.tests.test_phase1_astrology_api.TestDailyEndpointWithMoonPhase" name="test_phase_lunaire_has_french_phase" time="1.090" /><testcase classname="backend.tests.test_phase1_astrology_api.TestDailyEndpointWithMoonPhase" name="test_phase_lunaire_has_conseil" time="1.099" /><testcase classname="backend.tests.test_phase1_astrology_api.TestDailyEndpointWithMoonPhase" name="test_phase_lunaire_has_phase_en" time="1.111" /><testcase classname="backend.tests.test_phase1_astrology_api.TestDailyEndpointWithMoonPhase" name="test_daily_still_has_horoscope_data" time="1.080" /><testcase classname="backend.tests.test_phase1_astrology_api.TestProHoroscopePDFWithChart" name="test_pro_horoscope_returns_200" time="5.473" /><testcase classname="backend.tests.test_phase1_astrology_api.TestProHoroscopePDFWithChart" name="test_pro_horoscope_returns_pdf" time="5.391" /><testcase classname="backend.tests.test_phase1_astrology_api.TestProHoroscopePDFWithChart" name="test_pro_horoscope_pdf_size_gt_1mb" time="5.318" /><testcase classname="backend.tests.test_phase1_astrology_api.TestProHoroscopePDFWithChart" name="test_pro_horoscope_contains_astrologyapi_text" time="5.381" /><testcase classname="backend.tests.test_phase1_astrology_api.TestRegressionEndpoints" name="test_pdf_generate_still_works" time="6.368" /><testcase classname="backend.tests.test_phase1_astrology_api.TestRegressionEndpoints" name="test_share_card_still_works" time="2.188" /><testcase classname="backend.tests.test_phase1_astrology_api.TestRegressionEndpoints" name="test_discount_plume2026_still_works" time="0.135" /><testcase classname="backend.tests.test_phase1_astrology_api.TestRegressionEndpoints" name="test_root_endpoint" time="0.107" /></testsuite></testsuites>