<?xml version="1.0" encoding="utf-8"?><testsuites name="pytest tests"><testsuite name="pytest" errors="0" failures="0" skipped="0" tests="12" time="10.986" timestamp="2026-02-28T16:58:19.411613+00:00" hostname="agent-env-29e612d2-d12f-4ddf-907b-bf5e6fa29109"><testcase classname="backend.tests.test_iteration10_homepage_tarot.TestRootAndHealth" name="test_root_endpoint" time="0.223" /><testcase classname="backend.tests.test_iteration10_homepage_tarot.TestTarotOuiNon" name="test_tarot_oui_non_basic" time="0.106" /><testcase classname="backend.tests.test_iteration10_homepage_tarot.TestTarotOuiNon" name="test_tarot_oui_non_empty_question" time="0.107" /><testcase classname="backend.tests.test_iteration10_homepage_tarot.TestTarotOuiNon" name="test_tarot_oui_non_whitespace_question" time="0.114" /><testcase classname="backend.tests.test_iteration10_homepage_tarot.TestMoonPhase" name="test_moon_phase_endpoint" time="1.165" /><testcase classname="backend.tests.test_iteration10_homepage_tarot.TestDailyContent" name="test_daily_content_with_moon_phase" time="1.118" /><testcase classname="backend.tests.test_iteration10_homepage_tarot.TestDailyContent" name="test_daily_invalid_sign" time="0.106" /><testcase classname="backend.tests.test_iteration10_homepage_tarot.TestProHoroscopePDF" name="test_pro_horoscope_pdf_generation" time="5.415" /><testcase classname="backend.tests.test_iteration10_homepage_tarot.TestDiscountCode" name="test_valid_discount_code" time="0.129" /><testcase classname="backend.tests.test_iteration10_homepage_tarot.TestDiscountCode" name="test_invalid_discount_code" time="0.115" /><testcase classname="backend.tests.test_iteration10_homepage_tarot.TestShareCard" name="test_share_card_generation" time="2.198" /><testcase classname="backend.tests.test_iteration10_homepage_tarot.TestProducts" name="test_get_products" time="0.116" /></testsuite></testsuites>