<?xml version="1.0" encoding="utf-8"?><testsuites name="pytest tests"><testsuite name="pytest" errors="0" failures="2" skipped="0" tests="10" time="4.388" timestamp="2026-03-01T13:50:09.690852+00:00" hostname="agent-env-ad508fc9-94e6-425b-b87b-79219b47b71e"><testcase classname="backend.tests.test_iteration13_redesign.TestBackendAPIs" name="test_root_endpoint" time="0.188" /><testcase classname="backend.tests.test_iteration13_redesign.TestBackendAPIs" name="test_tarot_oui_non" time="0.105" /><testcase classname="backend.tests.test_iteration13_redesign.TestBackendAPIs" name="test_numerology_complete" time="2.159" /><testcase classname="backend.tests.test_iteration13_redesign.TestBackendAPIs" name="test_daily_horoscope" time="1.096" /><testcase classname="backend.tests.test_iteration13_redesign.TestDiscountCodes" name="test_discount_validate_plume2026" time="0.105" /><testcase classname="backend.tests.test_iteration13_redesign.TestDiscountCodes" name="test_discount_validate_invalid_code" time="0.110" /><testcase classname="backend.tests.test_iteration13_redesign.TestDiscountCodes" name="test_discount_case_insensitive" time="0.111" /><testcase classname="backend.tests.test_iteration13_redesign.TestDiscountCodes" name="test_free_access_with_promo" time="0.103"><failure message="assert 422 == 200&#10; +  where 422 = &lt;Response [422]&gt;.status_code">backend/tests/test_iteration13_redesign.py:133: in test_free_access_with_promo
    assert response.status_code == 200
E   assert 422 == 200
E    +  where 422 = &lt;Response [422]&gt;.status_code</failure></testcase><testcase classname="backend.tests.test_iteration13_redesign.TestTarologieTirage" name="test_tarologie_tirage" time="0.129" /><testcase classname="backend.tests.test_iteration13_redesign.TestProducts" name="test_products_list" time="0.105"><failure message="assert False&#10; +  where False = isinstance({'chemin_ame': {'amount': 24.9, 'currency': 'eur', 'description': &quot;Votre chemin d'ame personnalise - Numerologie, previsions et guidance (PDF)&quot;, 'name': &quot;Le Chemin d'Ame&quot;}, 'compatibilite': {'amount': 29.9, 'currency': 'eur', 'description': 'Analyse de compatibilite amoureuse complete - 24 pages (PDF)', 'name': 'Compatibilite Astrale'}, 'livre': {'amount': 49.9, 'currency': 'eur', 'delivery_days': 5, 'description': 'Votre manuscrit imprime en livre relie - Livraison sous 5 jours', ...}, 'manuscrit': {'amount': 29.9, 'currency': 'eur', 'description': 'Votre theme astral professionnel complet - 28+ pages enrichies (PDF)', 'name': 'Theme Astral Professionnel'}, ...}, list)">backend/tests/test_iteration13_redesign.py:179: in test_products_list
    assert isinstance(data, list)
E   assert False
E    +  where False = isinstance({'chemin_ame': {'amount': 24.9, 'currency': 'eur', 'description': "Votre chemin d'ame personnalise - Numerologie, previsions et guidance (PDF)", 'name': "Le Chemin d'Ame"}, 'compatibilite': {'amount': 29.9, 'currency': 'eur', 'description': 'Analyse de compatibilite amoureuse complete - 24 pages (PDF)', 'name': 'Compatibilite Astrale'}, 'livre': {'amount': 49.9, 'currency': 'eur', 'delivery_days': 5, 'description': 'Votre manuscrit imprime en livre relie - Livraison sous 5 jours', ...}, 'manuscrit': {'amount': 29.9, 'currency': 'eur', 'description': 'Votre theme astral professionnel complet - 28+ pages enrichies (PDF)', 'name': 'Theme Astral Professionnel'}, ...}, list)</failure></testcase></testsuite></testsuites>