<?xml version="1.0" encoding="utf-8"?><testsuites name="pytest tests"><testsuite name="pytest" errors="0" failures="0" skipped="0" tests="8" time="1.310" timestamp="2026-03-04T18:47:31.874321+00:00" hostname="agent-env-29488c6c-9191-4608-a4af-6d2b89d44ea4"><testcase classname="backend.tests.test_iteration17_compatibility.TestCompatibilityAPI" name="test_api_health" time="0.135" /><testcase classname="backend.tests.test_iteration17_compatibility.TestCompatibilityAPI" name="test_compatibility_generate_success" time="0.124" /><testcase classname="backend.tests.test_iteration17_compatibility.TestCompatibilityAPI" name="test_compatibility_with_cancer_verseau" time="0.129" /><testcase classname="backend.tests.test_iteration17_compatibility.TestCompatibilityAPI" name="test_compatibility_without_question" time="0.171" /><testcase classname="backend.tests.test_iteration17_compatibility.TestCompatibilityAPI" name="test_compatibility_pdf_is_valid_pdf" time="0.193" /><testcase classname="backend.tests.test_iteration17_compatibility.TestCompatibilityAPI" name="test_products_endpoint_has_compatibilite" time="0.119" /><testcase classname="backend.tests.test_iteration17_compatibility.TestCompatibilityZodiacCalculation" name="test_july_17_generates_cancer_report" time="0.144" /><testcase classname="backend.tests.test_iteration17_compatibility.TestCompatibilityZodiacCalculation" name="test_feb_9_generates_aquarius_report" time="0.241" /></testsuite></testsuites>