<?xml version="1.0" encoding="utf-8"?><testsuites name="pytest tests"><testsuite name="pytest" errors="0" failures="0" skipped="0" tests="13" time="5.133" timestamp="2026-03-06T13:17:00.574248+00:00" hostname="agent-env-76e9f357-05c7-41b3-993b-875315510ce7"><testcase classname="backend.tests.test_iteration20_credit_gates.TestAuthSystem" name="test_register_creates_user_with_20_bonus_credits" time="0.479" /><testcase classname="backend.tests.test_iteration20_credit_gates.TestAuthSystem" name="test_login_returns_jwt_and_credit_balance" time="0.760" /><testcase classname="backend.tests.test_iteration20_credit_gates.TestAuthSystem" name="test_login_invalid_credentials" time="0.147" /><testcase classname="backend.tests.test_iteration20_credit_gates.TestCreditUseTarotOuiNon" name="test_tarot_oui_non_first_is_free" time="0.444" /><testcase classname="backend.tests.test_iteration20_credit_gates.TestCreditUseTarotOuiNon" name="test_tarot_oui_non_second_deducts_2_credits" time="0.584" /><testcase classname="backend.tests.test_iteration20_credit_gates.TestCreditUseLectureTarot" name="test_lecture_tarot_deducts_10_credits" time="0.434" /><testcase classname="backend.tests.test_iteration20_credit_gates.TestCreditUseNumerologie" name="test_numerologie_deducts_10_credits" time="0.488" /><testcase classname="backend.tests.test_iteration20_credit_gates.TestCreditUseLectureAstrologique" name="test_lecture_astrologique_deducts_10_credits" time="0.459" /><testcase classname="backend.tests.test_iteration20_credit_gates.TestCreditUseCartographiePremium" name="test_cartographie_premium_insufficient_credits" time="0.437" /><testcase classname="backend.tests.test_iteration20_credit_gates.TestCreditPacks" name="test_get_credit_packs" time="0.140" /><testcase classname="backend.tests.test_iteration20_credit_gates.TestServiceCosts" name="test_get_service_costs" time="0.115" /><testcase classname="backend.tests.test_iteration20_credit_gates.TestCreditUseUnknownService" name="test_unknown_service_returns_400" time="0.425" /><testcase classname="backend.tests.test_iteration20_credit_gates.TestCreditUseAuthRequired" name="test_use_credits_without_auth_returns_401" time="0.104" /></testsuite></testsuites>