<?xml version="1.0" encoding="utf-8"?><testsuites name="pytest tests"><testsuite name="pytest" errors="0" failures="1" skipped="0" tests="16" time="7.546" timestamp="2026-03-06T17:55:09.047503+00:00" hostname="agent-env-6ec6a99f-d9ef-4048-b07b-950d3b31209b"><testcase classname="backend.tests.test_iteration23_homepage_features.TestApiHealthCheck" name="test_api_root_returns_200" time="0.218" /><testcase classname="backend.tests.test_iteration23_homepage_features.TestDailyTarotEndpoint" name="test_tarot_jour_returns_200" time="0.133" /><testcase classname="backend.tests.test_iteration23_homepage_features.TestDailyTarotEndpoint" name="test_tarot_jour_returns_valid_data" time="0.143" /><testcase classname="backend.tests.test_iteration23_homepage_features.TestDailyTarotEndpoint" name="test_tarot_jour_carte_has_required_fields" time="0.107" /><testcase classname="backend.tests.test_iteration23_homepage_features.TestDailyTarotEndpoint" name="test_tarot_jour_has_message_energie" time="0.111" /><testcase classname="backend.tests.test_iteration23_homepage_features.TestDailyTarotEndpoint" name="test_tarot_jour_has_affirmation_du_jour" time="0.110" /><testcase classname="backend.tests.test_iteration23_homepage_features.TestUserRegistration" name="test_registration_returns_201_or_200" time="0.436" /><testcase classname="backend.tests.test_iteration23_homepage_features.TestUserRegistration" name="test_registration_gives_20_bonus_credits" time="0.390" /><testcase classname="backend.tests.test_iteration23_homepage_features.TestUserRegistration" name="test_registration_user_data_stored" time="0.411" /><testcase classname="backend.tests.test_iteration23_homepage_features.TestUserRegistration" name="test_duplicate_email_rejected" time="0.496" /><testcase classname="backend.tests.test_iteration23_homepage_features.TestLoginFlow" name="test_login_with_valid_credentials" time="0.733" /><testcase classname="backend.tests.test_iteration23_homepage_features.TestLoginFlow" name="test_login_invalid_credentials_rejected" time="0.100" /><testcase classname="backend.tests.test_iteration23_homepage_features.TestShareCardGeneration" name="test_share_card_requires_auth" time="1.293"><failure message="AssertionError: Expected 401/403/422, got 200&#10;assert 200 in [401, 403, 422]&#10; +  where 200 = &lt;Response [200]&gt;.status_code">backend/tests/test_iteration23_homepage_features.py:258: in test_share_card_requires_auth
    assert response.status_code in [401, 403, 422], \
E   AssertionError: Expected 401/403/422, got 200
E   assert 200 in [401, 403, 422]
E    +  where 200 = &lt;Response [200]&gt;.status_code</failure></testcase><testcase classname="backend.tests.test_iteration23_homepage_features.TestShareCardGeneration" name="test_share_card_with_auth" time="2.485" /><testcase classname="backend.tests.test_iteration23_homepage_features.TestServiceCosts" name="test_get_service_costs" time="0.111" /><testcase classname="backend.tests.test_iteration23_homepage_features.TestCreditPacks" name="test_get_credit_packs" time="0.130" /></testsuite></testsuites>