<?xml version="1.0" encoding="utf-8"?><testsuites name="pytest tests"><testsuite name="pytest" errors="0" failures="2" skipped="0" tests="14" time="14.565" timestamp="2026-02-25T11:17:25.788449+00:00" hostname="agent-env-0cd5a5de-2bf3-4529-86fc-de9fbf9b851c"><testcase classname="tests.test_plume_astrale_api.TestHealthAndRoot" name="test_root_endpoint" time="0.171" /><testcase classname="tests.test_plume_astrale_api.TestHealthAndRoot" name="test_products_endpoint" time="0.145" /><testcase classname="tests.test_plume_astrale_api.TestDiscountValidation" name="test_valid_promo_code_astro100" time="0.105" /><testcase classname="tests.test_plume_astrale_api.TestDiscountValidation" name="test_invalid_promo_code" time="0.142" /><testcase classname="tests.test_plume_astrale_api.TestDiscountValidation" name="test_promo_code_case_insensitive" time="0.136" /><testcase classname="tests.test_plume_astrale_api.TestFreeAccess" name="test_free_access_with_astro100" time="0.149" /><testcase classname="tests.test_plume_astrale_api.TestFreeAccess" name="test_free_access_without_code" time="0.101" /><testcase classname="tests.test_plume_astrale_api.TestAstrologyAPI" name="test_planets_endpoint" time="2.223" /><testcase classname="tests.test_plume_astrale_api.TestAstrologyAPI" name="test_horoscope_endpoint" time="2.142" /><testcase classname="tests.test_plume_astrale_api.TestAstrologyAPI" name="test_zodiac_from_date" time="0.155" /><testcase classname="tests.test_plume_astrale_api.TestPDFGeneration" name="test_pdf_generate_endpoint" time="3.355" /><testcase classname="tests.test_plume_astrale_api.TestPDFGeneration" name="test_pdf_generate_without_prenom" time="3.347" /><testcase classname="tests.test_plume_astrale_api.TestDailyHoroscope" name="test_daily_horoscope_gemini" time="1.157"><failure message="assert 500 == 200&#10; +  where 500 = &lt;Response [500]&gt;.status_code">tests/test_plume_astrale_api.py:229: in test_daily_horoscope_gemini
    assert response.status_code == 200
E   assert 500 == 200
E    +  where 500 = &lt;Response [500]&gt;.status_code</failure></testcase><testcase classname="tests.test_plume_astrale_api.TestDailyHoroscope" name="test_weekly_horoscope_gemini" time="1.100"><failure message="assert 500 == 200&#10; +  where 500 = &lt;Response [500]&gt;.status_code">tests/test_plume_astrale_api.py:239: in test_weekly_horoscope_gemini
    assert response.status_code == 200
E   assert 500 == 200
E    +  where 500 = &lt;Response [500]&gt;.status_code</failure></testcase></testsuite></testsuites>