<?xml version="1.0" encoding="utf-8"?><testsuites name="pytest tests"><testsuite name="pytest" errors="0" failures="4" skipped="0" tests="15" time="18.288" timestamp="2026-02-28T17:21:38.514068+00:00" hostname="agent-env-29e612d2-d12f-4ddf-907b-bf5e6fa29109"><testcase classname="backend.tests.test_iteration11_numerology_translation.TestNumerologyEndpoint" name="test_numerology_complete_success" time="2.302" /><testcase classname="backend.tests.test_iteration11_numerology_translation.TestNumerologyEndpoint" name="test_numerology_complete_calculates_correctly" time="2.179" /><testcase classname="backend.tests.test_iteration11_numerology_translation.TestNumerologyEndpoint" name="test_numerology_with_minimal_data" time="2.152" /><testcase classname="backend.tests.test_iteration11_numerology_translation.TestTranslationEndpoint" name="test_translate_english_to_french" time="1.475" /><testcase classname="backend.tests.test_iteration11_numerology_translation.TestTranslationEndpoint" name="test_translate_empty_text" time="0.144" /><testcase classname="backend.tests.test_iteration11_numerology_translation.TestTranslationEndpoint" name="test_translate_zodiac_terms" time="0.797" /><testcase classname="backend.tests.test_iteration11_numerology_translation.TestRegressionEndpoints" name="test_root_endpoint" time="0.115" /><testcase classname="backend.tests.test_iteration11_numerology_translation.TestRegressionEndpoints" name="test_moon_phase" time="1.111" /><testcase classname="backend.tests.test_iteration11_numerology_translation.TestRegressionEndpoints" name="test_tarot_oui_non" time="0.096" /><testcase classname="backend.tests.test_iteration11_numerology_translation.TestRegressionEndpoints" name="test_pro_horoscope_pdf" time="6.204" /><testcase classname="backend.tests.test_iteration11_numerology_translation.TestRegressionEndpoints" name="test_products_endpoint" time="0.128" /><testcase classname="backend.tests.test_iteration11_numerology_translation.TestRegressionEndpoints" name="test_daily_horoscope" time="1.138"><failure message="assert 'signe_zodiaque' in {'conseil_du_jour': &quot;Votre courage inspire les autres. N'hésitez pas à prendre les devants.&quot;, 'couleur_du_jour': 'Violet', 'date': '2026-02-28', 'element': 'Feu', ...}">backend/tests/test_iteration11_numerology_translation.py:200: in test_daily_horoscope
    assert "signe_zodiaque" in data
E   assert 'signe_zodiaque' in {'conseil_du_jour': "Votre courage inspire les autres. N'hésitez pas à prendre les devants.", 'couleur_du_jour': 'Violet', 'date': '2026-02-28', 'element': 'Feu', ...}</failure></testcase><testcase classname="backend.tests.test_iteration11_numerology_translation.TestHomepageRegression" name="test_homepage_has_tarot_cta" time="0.116"><failure message="AssertionError: Missing cta-tarot-entry on homepage&#10;assert 'cta-tarot-entry' in '&lt;!doctype html&gt;\n&lt;html lang=&quot;fr&quot;&gt;\n    &lt;head&gt;\n        &lt;meta charset=&quot;utf-8&quot; /&gt;\n        &lt;meta name=&quot;viewport&quot; content=&quot;width=device-width, initial-scale=1&quot; /&gt;\n        &lt;meta name=&quot;theme-color&quot; content=&quot;#0F0518&quot; /&gt;\n        &lt;meta name=&quot;description&quot; content=&quot;Plume Astrale - Révélez votre destinée cosmique à travers la numérologie, l\'astrologie et la lecture d\'âme&quot; /&gt;\n        &lt;link rel=&quot;preconnect&quot; href=&quot;https://fonts.googleapis.com&quot; /&gt;\n        &lt;link rel=&quot;preconnect&quot; href=&quot;https://fonts.gstatic.com&quot; crossorigin /&gt;\n        &lt;link href=&quot;https://fonts.googleapis.com/css2?family=Cinzel:wght@400;500;600;700&amp;family=Quicksand:wght@300;400;500;600;700&amp;display=swap&quot; rel=&quot;stylesheet&quot; /&gt;\n        &lt;link rel=&quot;icon&quot; href=&quot;/favicon.ico&quot; /&gt;\n        &lt;link rel=&quot;apple-touch-icon&quot; href=&quot;/logo192.png&quot; /&gt;\n        &lt;title&gt;Plume Astrale | Votre Manuscrit Céleste Personnel&lt;/title&gt;\n        &lt;script&gt;window.addEventListener(&quot;error&quot;,function(e){if(e.error instanceof DOMException&amp;&amp;e.error.name===&quot;DataCloneError&quot;&amp;&amp;e.message&amp;&amp;e.message.includes(&quot;PerformanceServerTiming&quot;)){e.stopImmediatePropagation();e.preventDefault()}},true);&lt;/script&gt;\n        &lt;script src=&quot;https://assets.emergent.sh/scripts/emergent-main.js&quot;&gt;&lt;/script&gt;\n        &lt;script&gt;\n            if (window.self !== window.top) {\n                var debugMonitorScript = document.createElement(\'script\');\n                debugMonitorScript.src = \'https://assets.emergent.sh/scripts/debug-monitor.js\';\n                document.head.appendChild(debugMonitorScript);\n                window.tailwind = window.tailwind || {};\n                tailwind.config = {\n                    corePlugins: { preflight: false },\n                };\n                var tailwindScript = document.createElement(\'script\');\n                tailwindScript.src = \'https://cdn.tailwindcss.com\';\n                document.head.appendChild(tailwindScript);\n            }\n        &lt;/script&gt;\n    &lt;script defer src=&quot;/static/js/bundle.js&quot;&gt;&lt;/script&gt;&lt;/head&gt;\n    &lt;body&gt;\n        &lt;noscript&gt;You need to enable JavaScript to run this app.&lt;/noscript&gt;\n        &lt;div id=&quot;root&quot;&gt;&lt;/div&gt;\n    &lt;/body&gt;\n&lt;/html&gt;\n'&#10; +  where '&lt;!doctype html&gt;\n&lt;html lang=&quot;fr&quot;&gt;\n    &lt;head&gt;\n        &lt;meta charset=&quot;utf-8&quot; /&gt;\n        &lt;meta name=&quot;viewport&quot; content=&quot;width=device-width, initial-scale=1&quot; /&gt;\n        &lt;meta name=&quot;theme-color&quot; content=&quot;#0F0518&quot; /&gt;\n        &lt;meta name=&quot;description&quot; content=&quot;Plume Astrale - Révélez votre destinée cosmique à travers la numérologie, l\'astrologie et la lecture d\'âme&quot; /&gt;\n        &lt;link rel=&quot;preconnect&quot; href=&quot;https://fonts.googleapis.com&quot; /&gt;\n        &lt;link rel=&quot;preconnect&quot; href=&quot;https://fonts.gstatic.com&quot; crossorigin /&gt;\n        &lt;link href=&quot;https://fonts.googleapis.com/css2?family=Cinzel:wght@400;500;600;700&amp;family=Quicksand:wght@300;400;500;600;700&amp;display=swap&quot; rel=&quot;stylesheet&quot; /&gt;\n        &lt;link rel=&quot;icon&quot; href=&quot;/favicon.ico&quot; /&gt;\n        &lt;link rel=&quot;apple-touch-icon&quot; href=&quot;/logo192.png&quot; /&gt;\n        &lt;title&gt;Plume Astrale | Votre Manuscrit Céleste Personnel&lt;/title&gt;\n        &lt;script&gt;window.addEventListener(&quot;error&quot;,function(e){if(e.error instanceof DOMException&amp;&amp;e.error.name===&quot;DataCloneError&quot;&amp;&amp;e.message&amp;&amp;e.message.includes(&quot;PerformanceServerTiming&quot;)){e.stopImmediatePropagation();e.preventDefault()}},true);&lt;/script&gt;\n        &lt;script src=&quot;https://assets.emergent.sh/scripts/emergent-main.js&quot;&gt;&lt;/script&gt;\n        &lt;script&gt;\n            if (window.self !== window.top) {\n                var debugMonitorScript = document.createElement(\'script\');\n                debugMonitorScript.src = \'https://assets.emergent.sh/scripts/debug-monitor.js\';\n                document.head.appendChild(debugMonitorScript);\n                window.tailwind = window.tailwind || {};\n                tailwind.config = {\n                    corePlugins: { preflight: false },\n                };\n                var tailwindScript = document.createElement(\'script\');\n                tailwindScript.src = \'https://cdn.tailwindcss.com\';\n                document.head.appendChild(tailwindScript);\n            }\n        &lt;/script&gt;\n    &lt;script defer src=&quot;/static/js/bundle.js&quot;&gt;&lt;/script&gt;&lt;/head&gt;\n    &lt;body&gt;\n        &lt;noscript&gt;You need to enable JavaScript to run this app.&lt;/noscript&gt;\n        &lt;div id=&quot;root&quot;&gt;&lt;/div&gt;\n    &lt;/body&gt;\n&lt;/html&gt;\n' = &lt;Response [200]&gt;.text">backend/tests/test_iteration11_numerology_translation.py:212: in test_homepage_has_tarot_cta
    assert "cta-tarot-entry" in response.text, "Missing cta-tarot-entry on homepage"
E   AssertionError: Missing cta-tarot-entry on homepage
E   assert 'cta-tarot-entry' in '&lt;!doctype html&gt;\n&lt;html lang="fr"&gt;\n    &lt;head&gt;\n        &lt;meta charset="utf-8" /&gt;\n        &lt;meta name="viewport" content="width=device-width, initial-scale=1" /&gt;\n        &lt;meta name="theme-color" content="#0F0518" /&gt;\n        &lt;meta name="description" content="Plume Astrale - Révélez votre destinée cosmique à travers la numérologie, l\'astrologie et la lecture d\'âme" /&gt;\n        &lt;link rel="preconnect" href="https://fonts.googleapis.com" /&gt;\n        &lt;link rel="preconnect" href="https://fonts.gstatic.com" crossorigin /&gt;\n        &lt;link href="https://fonts.googleapis.com/css2?family=Cinzel:wght@400;500;600;700&amp;family=Quicksand:wght@300;400;500;600;700&amp;display=swap" rel="stylesheet" /&gt;\n        &lt;link rel="icon" href="/favicon.ico" /&gt;\n        &lt;link rel="apple-touch-icon" href="/logo192.png" /&gt;\n        &lt;title&gt;Plume Astrale | Votre Manuscrit Céleste Personnel&lt;/title&gt;\n        &lt;script&gt;window.addEventListener("error",function(e){if(e.error instanceof DOMException&amp;&amp;e.error.name==="DataCloneError"&amp;&amp;e.message&amp;&amp;e.message.includes("PerformanceServerTiming")){e.stopImmediatePropagation();e.preventDefault()}},true);&lt;/script&gt;\n        &lt;script src="https://assets.emergent.sh/scripts/emergent-main.js"&gt;&lt;/script&gt;\n        &lt;script&gt;\n            if (window.self !== window.top) {\n                var debugMonitorScript = document.createElement(\'script\');\n                debugMonitorScript.src = \'https://assets.emergent.sh/scripts/debug-monitor.js\';\n                document.head.appendChild(debugMonitorScript);\n                window.tailwind = window.tailwind || {};\n                tailwind.config = {\n                    corePlugins: { preflight: false },\n                };\n                var tailwindScript = document.createElement(\'script\');\n                tailwindScript.src = \'https://cdn.tailwindcss.com\';\n                document.head.appendChild(tailwindScript);\n            }\n        &lt;/script&gt;\n    &lt;script defer src="/static/js/bundle.js"&gt;&lt;/script&gt;&lt;/head&gt;\n    &lt;body&gt;\n        &lt;noscript&gt;You need to enable JavaScript to run this app.&lt;/noscript&gt;\n        &lt;div id="root"&gt;&lt;/div&gt;\n    &lt;/body&gt;\n&lt;/html&gt;\n'
E    +  where '&lt;!doctype html&gt;\n&lt;html lang="fr"&gt;\n    &lt;head&gt;\n        &lt;meta charset="utf-8" /&gt;\n        &lt;meta name="viewport" content="width=device-width, initial-scale=1" /&gt;\n        &lt;meta name="theme-color" content="#0F0518" /&gt;\n        &lt;meta name="description" content="Plume Astrale - Révélez votre destinée cosmique à travers la numérologie, l\'astrologie et la lecture d\'âme" /&gt;\n        &lt;link rel="preconnect" href="https://fonts.googleapis.com" /&gt;\n        &lt;link rel="preconnect" href="https://fonts.gstatic.com" crossorigin /&gt;\n        &lt;link href="https://fonts.googleapis.com/css2?family=Cinzel:wght@400;500;600;700&amp;family=Quicksand:wght@300;400;500;600;700&amp;display=swap" rel="stylesheet" /&gt;\n        &lt;link rel="icon" href="/favicon.ico" /&gt;\n        &lt;link rel="apple-touch-icon" href="/logo192.png" /&gt;\n        &lt;title&gt;Plume Astrale | Votre Manuscrit Céleste Personnel&lt;/title&gt;\n        &lt;script&gt;window.addEventListener("error",function(e){if(e.error instanceof DOMException&amp;&amp;e.error.name==="DataCloneError"&amp;&amp;e.message&amp;&amp;e.message.includes("PerformanceServerTiming")){e.stopImmediatePropagation();e.preventDefault()}},true);&lt;/script&gt;\n        &lt;script src="https://assets.emergent.sh/scripts/emergent-main.js"&gt;&lt;/script&gt;\n        &lt;script&gt;\n            if (window.self !== window.top) {\n                var debugMonitorScript = document.createElement(\'script\');\n                debugMonitorScript.src = \'https://assets.emergent.sh/scripts/debug-monitor.js\';\n                document.head.appendChild(debugMonitorScript);\n                window.tailwind = window.tailwind || {};\n                tailwind.config = {\n                    corePlugins: { preflight: false },\n                };\n                var tailwindScript = document.createElement(\'script\');\n                tailwindScript.src = \'https://cdn.tailwindcss.com\';\n                document.head.appendChild(tailwindScript);\n            }\n        &lt;/script&gt;\n    &lt;script defer src="/static/js/bundle.js"&gt;&lt;/script&gt;&lt;/head&gt;\n    &lt;body&gt;\n        &lt;noscript&gt;You need to enable JavaScript to run this app.&lt;/noscript&gt;\n        &lt;div id="root"&gt;&lt;/div&gt;\n    &lt;/body&gt;\n&lt;/html&gt;\n' = &lt;Response [200]&gt;.text</failure></testcase><testcase classname="backend.tests.test_iteration11_numerology_translation.TestHomepageRegression" name="test_homepage_has_astrology_cta" time="0.109"><failure message="AssertionError: Missing cta-astrology-entry on homepage&#10;assert 'cta-astrology-entry' in '&lt;!doctype html&gt;\n&lt;html lang=&quot;fr&quot;&gt;\n    &lt;head&gt;\n        &lt;meta charset=&quot;utf-8&quot; /&gt;\n        &lt;meta name=&quot;viewport&quot; content=&quot;width=device-width, initial-scale=1&quot; /&gt;\n        &lt;meta name=&quot;theme-color&quot; content=&quot;#0F0518&quot; /&gt;\n        &lt;meta name=&quot;description&quot; content=&quot;Plume Astrale - Révélez votre destinée cosmique à travers la numérologie, l\'astrologie et la lecture d\'âme&quot; /&gt;\n        &lt;link rel=&quot;preconnect&quot; href=&quot;https://fonts.googleapis.com&quot; /&gt;\n        &lt;link rel=&quot;preconnect&quot; href=&quot;https://fonts.gstatic.com&quot; crossorigin /&gt;\n        &lt;link href=&quot;https://fonts.googleapis.com/css2?family=Cinzel:wght@400;500;600;700&amp;family=Quicksand:wght@300;400;500;600;700&amp;display=swap&quot; rel=&quot;stylesheet&quot; /&gt;\n        &lt;link rel=&quot;icon&quot; href=&quot;/favicon.ico&quot; /&gt;\n        &lt;link rel=&quot;apple-touch-icon&quot; href=&quot;/logo192.png&quot; /&gt;\n        &lt;title&gt;Plume Astrale | Votre Manuscrit Céleste Personnel&lt;/title&gt;\n        &lt;script&gt;window.addEventListener(&quot;error&quot;,function(e){if(e.error instanceof DOMException&amp;&amp;e.error.name===&quot;DataCloneError&quot;&amp;&amp;e.message&amp;&amp;e.message.includes(&quot;PerformanceServerTiming&quot;)){e.stopImmediatePropagation();e.preventDefault()}},true);&lt;/script&gt;\n        &lt;script src=&quot;https://assets.emergent.sh/scripts/emergent-main.js&quot;&gt;&lt;/script&gt;\n        &lt;script&gt;\n            if (window.self !== window.top) {\n                var debugMonitorScript = document.createElement(\'script\');\n                debugMonitorScript.src = \'https://assets.emergent.sh/scripts/debug-monitor.js\';\n                document.head.appendChild(debugMonitorScript);\n                window.tailwind = window.tailwind || {};\n                tailwind.config = {\n                    corePlugins: { preflight: false },\n                };\n                var tailwindScript = document.createElement(\'script\');\n                tailwindScript.src = \'https://cdn.tailwindcss.com\';\n                document.head.appendChild(tailwindScript);\n            }\n        &lt;/script&gt;\n    &lt;script defer src=&quot;/static/js/bundle.js&quot;&gt;&lt;/script&gt;&lt;/head&gt;\n    &lt;body&gt;\n        &lt;noscript&gt;You need to enable JavaScript to run this app.&lt;/noscript&gt;\n        &lt;div id=&quot;root&quot;&gt;&lt;/div&gt;\n    &lt;/body&gt;\n&lt;/html&gt;\n'&#10; +  where '&lt;!doctype html&gt;\n&lt;html lang=&quot;fr&quot;&gt;\n    &lt;head&gt;\n        &lt;meta charset=&quot;utf-8&quot; /&gt;\n        &lt;meta name=&quot;viewport&quot; content=&quot;width=device-width, initial-scale=1&quot; /&gt;\n        &lt;meta name=&quot;theme-color&quot; content=&quot;#0F0518&quot; /&gt;\n        &lt;meta name=&quot;description&quot; content=&quot;Plume Astrale - Révélez votre destinée cosmique à travers la numérologie, l\'astrologie et la lecture d\'âme&quot; /&gt;\n        &lt;link rel=&quot;preconnect&quot; href=&quot;https://fonts.googleapis.com&quot; /&gt;\n        &lt;link rel=&quot;preconnect&quot; href=&quot;https://fonts.gstatic.com&quot; crossorigin /&gt;\n        &lt;link href=&quot;https://fonts.googleapis.com/css2?family=Cinzel:wght@400;500;600;700&amp;family=Quicksand:wght@300;400;500;600;700&amp;display=swap&quot; rel=&quot;stylesheet&quot; /&gt;\n        &lt;link rel=&quot;icon&quot; href=&quot;/favicon.ico&quot; /&gt;\n        &lt;link rel=&quot;apple-touch-icon&quot; href=&quot;/logo192.png&quot; /&gt;\n        &lt;title&gt;Plume Astrale | Votre Manuscrit Céleste Personnel&lt;/title&gt;\n        &lt;script&gt;window.addEventListener(&quot;error&quot;,function(e){if(e.error instanceof DOMException&amp;&amp;e.error.name===&quot;DataCloneError&quot;&amp;&amp;e.message&amp;&amp;e.message.includes(&quot;PerformanceServerTiming&quot;)){e.stopImmediatePropagation();e.preventDefault()}},true);&lt;/script&gt;\n        &lt;script src=&quot;https://assets.emergent.sh/scripts/emergent-main.js&quot;&gt;&lt;/script&gt;\n        &lt;script&gt;\n            if (window.self !== window.top) {\n                var debugMonitorScript = document.createElement(\'script\');\n                debugMonitorScript.src = \'https://assets.emergent.sh/scripts/debug-monitor.js\';\n                document.head.appendChild(debugMonitorScript);\n                window.tailwind = window.tailwind || {};\n                tailwind.config = {\n                    corePlugins: { preflight: false },\n                };\n                var tailwindScript = document.createElement(\'script\');\n                tailwindScript.src = \'https://cdn.tailwindcss.com\';\n                document.head.appendChild(tailwindScript);\n            }\n        &lt;/script&gt;\n    &lt;script defer src=&quot;/static/js/bundle.js&quot;&gt;&lt;/script&gt;&lt;/head&gt;\n    &lt;body&gt;\n        &lt;noscript&gt;You need to enable JavaScript to run this app.&lt;/noscript&gt;\n        &lt;div id=&quot;root&quot;&gt;&lt;/div&gt;\n    &lt;/body&gt;\n&lt;/html&gt;\n' = &lt;Response [200]&gt;.text">backend/tests/test_iteration11_numerology_translation.py:219: in test_homepage_has_astrology_cta
    assert "cta-astrology-entry" in response.text, "Missing cta-astrology-entry on homepage"
E   AssertionError: Missing cta-astrology-entry on homepage
E   assert 'cta-astrology-entry' in '&lt;!doctype html&gt;\n&lt;html lang="fr"&gt;\n    &lt;head&gt;\n        &lt;meta charset="utf-8" /&gt;\n        &lt;meta name="viewport" content="width=device-width, initial-scale=1" /&gt;\n        &lt;meta name="theme-color" content="#0F0518" /&gt;\n        &lt;meta name="description" content="Plume Astrale - Révélez votre destinée cosmique à travers la numérologie, l\'astrologie et la lecture d\'âme" /&gt;\n        &lt;link rel="preconnect" href="https://fonts.googleapis.com" /&gt;\n        &lt;link rel="preconnect" href="https://fonts.gstatic.com" crossorigin /&gt;\n        &lt;link href="https://fonts.googleapis.com/css2?family=Cinzel:wght@400;500;600;700&amp;family=Quicksand:wght@300;400;500;600;700&amp;display=swap" rel="stylesheet" /&gt;\n        &lt;link rel="icon" href="/favicon.ico" /&gt;\n        &lt;link rel="apple-touch-icon" href="/logo192.png" /&gt;\n        &lt;title&gt;Plume Astrale | Votre Manuscrit Céleste Personnel&lt;/title&gt;\n        &lt;script&gt;window.addEventListener("error",function(e){if(e.error instanceof DOMException&amp;&amp;e.error.name==="DataCloneError"&amp;&amp;e.message&amp;&amp;e.message.includes("PerformanceServerTiming")){e.stopImmediatePropagation();e.preventDefault()}},true);&lt;/script&gt;\n        &lt;script src="https://assets.emergent.sh/scripts/emergent-main.js"&gt;&lt;/script&gt;\n        &lt;script&gt;\n            if (window.self !== window.top) {\n                var debugMonitorScript = document.createElement(\'script\');\n                debugMonitorScript.src = \'https://assets.emergent.sh/scripts/debug-monitor.js\';\n                document.head.appendChild(debugMonitorScript);\n                window.tailwind = window.tailwind || {};\n                tailwind.config = {\n                    corePlugins: { preflight: false },\n                };\n                var tailwindScript = document.createElement(\'script\');\n                tailwindScript.src = \'https://cdn.tailwindcss.com\';\n                document.head.appendChild(tailwindScript);\n            }\n        &lt;/script&gt;\n    &lt;script defer src="/static/js/bundle.js"&gt;&lt;/script&gt;&lt;/head&gt;\n    &lt;body&gt;\n        &lt;noscript&gt;You need to enable JavaScript to run this app.&lt;/noscript&gt;\n        &lt;div id="root"&gt;&lt;/div&gt;\n    &lt;/body&gt;\n&lt;/html&gt;\n'
E    +  where '&lt;!doctype html&gt;\n&lt;html lang="fr"&gt;\n    &lt;head&gt;\n        &lt;meta charset="utf-8" /&gt;\n        &lt;meta name="viewport" content="width=device-width, initial-scale=1" /&gt;\n        &lt;meta name="theme-color" content="#0F0518" /&gt;\n        &lt;meta name="description" content="Plume Astrale - Révélez votre destinée cosmique à travers la numérologie, l\'astrologie et la lecture d\'âme" /&gt;\n        &lt;link rel="preconnect" href="https://fonts.googleapis.com" /&gt;\n        &lt;link rel="preconnect" href="https://fonts.gstatic.com" crossorigin /&gt;\n        &lt;link href="https://fonts.googleapis.com/css2?family=Cinzel:wght@400;500;600;700&amp;family=Quicksand:wght@300;400;500;600;700&amp;display=swap" rel="stylesheet" /&gt;\n        &lt;link rel="icon" href="/favicon.ico" /&gt;\n        &lt;link rel="apple-touch-icon" href="/logo192.png" /&gt;\n        &lt;title&gt;Plume Astrale | Votre Manuscrit Céleste Personnel&lt;/title&gt;\n        &lt;script&gt;window.addEventListener("error",function(e){if(e.error instanceof DOMException&amp;&amp;e.error.name==="DataCloneError"&amp;&amp;e.message&amp;&amp;e.message.includes("PerformanceServerTiming")){e.stopImmediatePropagation();e.preventDefault()}},true);&lt;/script&gt;\n        &lt;script src="https://assets.emergent.sh/scripts/emergent-main.js"&gt;&lt;/script&gt;\n        &lt;script&gt;\n            if (window.self !== window.top) {\n                var debugMonitorScript = document.createElement(\'script\');\n                debugMonitorScript.src = \'https://assets.emergent.sh/scripts/debug-monitor.js\';\n                document.head.appendChild(debugMonitorScript);\n                window.tailwind = window.tailwind || {};\n                tailwind.config = {\n                    corePlugins: { preflight: false },\n                };\n                var tailwindScript = document.createElement(\'script\');\n                tailwindScript.src = \'https://cdn.tailwindcss.com\';\n                document.head.appendChild(tailwindScript);\n            }\n        &lt;/script&gt;\n    &lt;script defer src="/static/js/bundle.js"&gt;&lt;/script&gt;&lt;/head&gt;\n    &lt;body&gt;\n        &lt;noscript&gt;You need to enable JavaScript to run this app.&lt;/noscript&gt;\n        &lt;div id="root"&gt;&lt;/div&gt;\n    &lt;/body&gt;\n&lt;/html&gt;\n' = &lt;Response [200]&gt;.text</failure></testcase><testcase classname="backend.tests.test_iteration11_numerology_translation.TestHomepageRegression" name="test_homepage_has_numerologie_card" time="0.108"><failure message="AssertionError: Missing cta-numerologie on homepage&#10;assert 'cta-numerologie' in '&lt;!doctype html&gt;\n&lt;html lang=&quot;fr&quot;&gt;\n    &lt;head&gt;\n        &lt;meta charset=&quot;utf-8&quot; /&gt;\n        &lt;meta name=&quot;viewport&quot; content=&quot;width=device-width, initial-scale=1&quot; /&gt;\n        &lt;meta name=&quot;theme-color&quot; content=&quot;#0F0518&quot; /&gt;\n        &lt;meta name=&quot;description&quot; content=&quot;Plume Astrale - Révélez votre destinée cosmique à travers la numérologie, l\'astrologie et la lecture d\'âme&quot; /&gt;\n        &lt;link rel=&quot;preconnect&quot; href=&quot;https://fonts.googleapis.com&quot; /&gt;\n        &lt;link rel=&quot;preconnect&quot; href=&quot;https://fonts.gstatic.com&quot; crossorigin /&gt;\n        &lt;link href=&quot;https://fonts.googleapis.com/css2?family=Cinzel:wght@400;500;600;700&amp;family=Quicksand:wght@300;400;500;600;700&amp;display=swap&quot; rel=&quot;stylesheet&quot; /&gt;\n        &lt;link rel=&quot;icon&quot; href=&quot;/favicon.ico&quot; /&gt;\n        &lt;link rel=&quot;apple-touch-icon&quot; href=&quot;/logo192.png&quot; /&gt;\n        &lt;title&gt;Plume Astrale | Votre Manuscrit Céleste Personnel&lt;/title&gt;\n        &lt;script&gt;window.addEventListener(&quot;error&quot;,function(e){if(e.error instanceof DOMException&amp;&amp;e.error.name===&quot;DataCloneError&quot;&amp;&amp;e.message&amp;&amp;e.message.includes(&quot;PerformanceServerTiming&quot;)){e.stopImmediatePropagation();e.preventDefault()}},true);&lt;/script&gt;\n        &lt;script src=&quot;https://assets.emergent.sh/scripts/emergent-main.js&quot;&gt;&lt;/script&gt;\n        &lt;script&gt;\n            if (window.self !== window.top) {\n                var debugMonitorScript = document.createElement(\'script\');\n                debugMonitorScript.src = \'https://assets.emergent.sh/scripts/debug-monitor.js\';\n                document.head.appendChild(debugMonitorScript);\n                window.tailwind = window.tailwind || {};\n                tailwind.config = {\n                    corePlugins: { preflight: false },\n                };\n                var tailwindScript = document.createElement(\'script\');\n                tailwindScript.src = \'https://cdn.tailwindcss.com\';\n                document.head.appendChild(tailwindScript);\n            }\n        &lt;/script&gt;\n    &lt;script defer src=&quot;/static/js/bundle.js&quot;&gt;&lt;/script&gt;&lt;/head&gt;\n    &lt;body&gt;\n        &lt;noscript&gt;You need to enable JavaScript to run this app.&lt;/noscript&gt;\n        &lt;div id=&quot;root&quot;&gt;&lt;/div&gt;\n    &lt;/body&gt;\n&lt;/html&gt;\n'&#10; +  where '&lt;!doctype html&gt;\n&lt;html lang=&quot;fr&quot;&gt;\n    &lt;head&gt;\n        &lt;meta charset=&quot;utf-8&quot; /&gt;\n        &lt;meta name=&quot;viewport&quot; content=&quot;width=device-width, initial-scale=1&quot; /&gt;\n        &lt;meta name=&quot;theme-color&quot; content=&quot;#0F0518&quot; /&gt;\n        &lt;meta name=&quot;description&quot; content=&quot;Plume Astrale - Révélez votre destinée cosmique à travers la numérologie, l\'astrologie et la lecture d\'âme&quot; /&gt;\n        &lt;link rel=&quot;preconnect&quot; href=&quot;https://fonts.googleapis.com&quot; /&gt;\n        &lt;link rel=&quot;preconnect&quot; href=&quot;https://fonts.gstatic.com&quot; crossorigin /&gt;\n        &lt;link href=&quot;https://fonts.googleapis.com/css2?family=Cinzel:wght@400;500;600;700&amp;family=Quicksand:wght@300;400;500;600;700&amp;display=swap&quot; rel=&quot;stylesheet&quot; /&gt;\n        &lt;link rel=&quot;icon&quot; href=&quot;/favicon.ico&quot; /&gt;\n        &lt;link rel=&quot;apple-touch-icon&quot; href=&quot;/logo192.png&quot; /&gt;\n        &lt;title&gt;Plume Astrale | Votre Manuscrit Céleste Personnel&lt;/title&gt;\n        &lt;script&gt;window.addEventListener(&quot;error&quot;,function(e){if(e.error instanceof DOMException&amp;&amp;e.error.name===&quot;DataCloneError&quot;&amp;&amp;e.message&amp;&amp;e.message.includes(&quot;PerformanceServerTiming&quot;)){e.stopImmediatePropagation();e.preventDefault()}},true);&lt;/script&gt;\n        &lt;script src=&quot;https://assets.emergent.sh/scripts/emergent-main.js&quot;&gt;&lt;/script&gt;\n        &lt;script&gt;\n            if (window.self !== window.top) {\n                var debugMonitorScript = document.createElement(\'script\');\n                debugMonitorScript.src = \'https://assets.emergent.sh/scripts/debug-monitor.js\';\n                document.head.appendChild(debugMonitorScript);\n                window.tailwind = window.tailwind || {};\n                tailwind.config = {\n                    corePlugins: { preflight: false },\n                };\n                var tailwindScript = document.createElement(\'script\');\n                tailwindScript.src = \'https://cdn.tailwindcss.com\';\n                document.head.appendChild(tailwindScript);\n            }\n        &lt;/script&gt;\n    &lt;script defer src=&quot;/static/js/bundle.js&quot;&gt;&lt;/script&gt;&lt;/head&gt;\n    &lt;body&gt;\n        &lt;noscript&gt;You need to enable JavaScript to run this app.&lt;/noscript&gt;\n        &lt;div id=&quot;root&quot;&gt;&lt;/div&gt;\n    &lt;/body&gt;\n&lt;/html&gt;\n' = &lt;Response [200]&gt;.text">backend/tests/test_iteration11_numerology_translation.py:226: in test_homepage_has_numerologie_card
    assert "cta-numerologie" in response.text, "Missing cta-numerologie on homepage"
E   AssertionError: Missing cta-numerologie on homepage
E   assert 'cta-numerologie' in '&lt;!doctype html&gt;\n&lt;html lang="fr"&gt;\n    &lt;head&gt;\n        &lt;meta charset="utf-8" /&gt;\n        &lt;meta name="viewport" content="width=device-width, initial-scale=1" /&gt;\n        &lt;meta name="theme-color" content="#0F0518" /&gt;\n        &lt;meta name="description" content="Plume Astrale - Révélez votre destinée cosmique à travers la numérologie, l\'astrologie et la lecture d\'âme" /&gt;\n        &lt;link rel="preconnect" href="https://fonts.googleapis.com" /&gt;\n        &lt;link rel="preconnect" href="https://fonts.gstatic.com" crossorigin /&gt;\n        &lt;link href="https://fonts.googleapis.com/css2?family=Cinzel:wght@400;500;600;700&amp;family=Quicksand:wght@300;400;500;600;700&amp;display=swap" rel="stylesheet" /&gt;\n        &lt;link rel="icon" href="/favicon.ico" /&gt;\n        &lt;link rel="apple-touch-icon" href="/logo192.png" /&gt;\n        &lt;title&gt;Plume Astrale | Votre Manuscrit Céleste Personnel&lt;/title&gt;\n        &lt;script&gt;window.addEventListener("error",function(e){if(e.error instanceof DOMException&amp;&amp;e.error.name==="DataCloneError"&amp;&amp;e.message&amp;&amp;e.message.includes("PerformanceServerTiming")){e.stopImmediatePropagation();e.preventDefault()}},true);&lt;/script&gt;\n        &lt;script src="https://assets.emergent.sh/scripts/emergent-main.js"&gt;&lt;/script&gt;\n        &lt;script&gt;\n            if (window.self !== window.top) {\n                var debugMonitorScript = document.createElement(\'script\');\n                debugMonitorScript.src = \'https://assets.emergent.sh/scripts/debug-monitor.js\';\n                document.head.appendChild(debugMonitorScript);\n                window.tailwind = window.tailwind || {};\n                tailwind.config = {\n                    corePlugins: { preflight: false },\n                };\n                var tailwindScript = document.createElement(\'script\');\n                tailwindScript.src = \'https://cdn.tailwindcss.com\';\n                document.head.appendChild(tailwindScript);\n            }\n        &lt;/script&gt;\n    &lt;script defer src="/static/js/bundle.js"&gt;&lt;/script&gt;&lt;/head&gt;\n    &lt;body&gt;\n        &lt;noscript&gt;You need to enable JavaScript to run this app.&lt;/noscript&gt;\n        &lt;div id="root"&gt;&lt;/div&gt;\n    &lt;/body&gt;\n&lt;/html&gt;\n'
E    +  where '&lt;!doctype html&gt;\n&lt;html lang="fr"&gt;\n    &lt;head&gt;\n        &lt;meta charset="utf-8" /&gt;\n        &lt;meta name="viewport" content="width=device-width, initial-scale=1" /&gt;\n        &lt;meta name="theme-color" content="#0F0518" /&gt;\n        &lt;meta name="description" content="Plume Astrale - Révélez votre destinée cosmique à travers la numérologie, l\'astrologie et la lecture d\'âme" /&gt;\n        &lt;link rel="preconnect" href="https://fonts.googleapis.com" /&gt;\n        &lt;link rel="preconnect" href="https://fonts.gstatic.com" crossorigin /&gt;\n        &lt;link href="https://fonts.googleapis.com/css2?family=Cinzel:wght@400;500;600;700&amp;family=Quicksand:wght@300;400;500;600;700&amp;display=swap" rel="stylesheet" /&gt;\n        &lt;link rel="icon" href="/favicon.ico" /&gt;\n        &lt;link rel="apple-touch-icon" href="/logo192.png" /&gt;\n        &lt;title&gt;Plume Astrale | Votre Manuscrit Céleste Personnel&lt;/title&gt;\n        &lt;script&gt;window.addEventListener("error",function(e){if(e.error instanceof DOMException&amp;&amp;e.error.name==="DataCloneError"&amp;&amp;e.message&amp;&amp;e.message.includes("PerformanceServerTiming")){e.stopImmediatePropagation();e.preventDefault()}},true);&lt;/script&gt;\n        &lt;script src="https://assets.emergent.sh/scripts/emergent-main.js"&gt;&lt;/script&gt;\n        &lt;script&gt;\n            if (window.self !== window.top) {\n                var debugMonitorScript = document.createElement(\'script\');\n                debugMonitorScript.src = \'https://assets.emergent.sh/scripts/debug-monitor.js\';\n                document.head.appendChild(debugMonitorScript);\n                window.tailwind = window.tailwind || {};\n                tailwind.config = {\n                    corePlugins: { preflight: false },\n                };\n                var tailwindScript = document.createElement(\'script\');\n                tailwindScript.src = \'https://cdn.tailwindcss.com\';\n                document.head.appendChild(tailwindScript);\n            }\n        &lt;/script&gt;\n    &lt;script defer src="/static/js/bundle.js"&gt;&lt;/script&gt;&lt;/head&gt;\n    &lt;body&gt;\n        &lt;noscript&gt;You need to enable JavaScript to run this app.&lt;/noscript&gt;\n        &lt;div id="root"&gt;&lt;/div&gt;\n    &lt;/body&gt;\n&lt;/html&gt;\n' = &lt;Response [200]&gt;.text</failure></testcase></testsuite></testsuites>