<?xml version="1.0" encoding="utf-8"?><testsuites name="pytest tests"><testsuite name="pytest" errors="0" failures="2" skipped="0" tests="14" time="25.233" timestamp="2026-02-25T12:30:44.009994+00:00" hostname="agent-env-0cd5a5de-2bf3-4529-86fc-de9fbf9b851c"><testcase classname="backend.tests.test_iteration5_features.TestProHoroscopePDF" name="test_pro_horoscope_pdf_generation" time="9.134" /><testcase classname="backend.tests.test_iteration5_features.TestProHoroscopePDF" name="test_pro_horoscope_with_male_gender" time="5.403" /><testcase classname="backend.tests.test_iteration5_features.TestCompatibilityMatchMaking" name="test_compatibility_generate_pdf" time="1.145"><failure message="AssertionError: Expected 200, got 500: {&quot;detail&quot;:&quot;Erreur lors de la generation du rapport de compatibilite&quot;}&#10;assert 500 == 200&#10; +  where 500 = &lt;Response [500]&gt;.status_code">backend/tests/test_iteration5_features.py:126: in test_compatibility_generate_pdf
    assert response.status_code == 200, f"Expected 200, got {response.status_code}: {response.text}"
E   AssertionError: Expected 200, got 500: {"detail":"Erreur lors de la generation du rapport de compatibilite"}
E   assert 500 == 200
E    +  where 500 = &lt;Response [500]&gt;.status_code</failure></testcase><testcase classname="backend.tests.test_iteration5_features.TestCompatibilityMatchMaking" name="test_compatibility_gender_swap" time="1.117"><failure message="AssertionError: Expected 200, got 500&#10;assert 500 == 200&#10; +  where 500 = &lt;Response [500]&gt;.status_code">backend/tests/test_iteration5_features.py:165: in test_compatibility_gender_swap
    assert response.status_code == 200, f"Expected 200, got {response.status_code}"
E   AssertionError: Expected 200, got 500
E   assert 500 == 200
E    +  where 500 = &lt;Response [500]&gt;.status_code</failure></testcase><testcase classname="backend.tests.test_iteration5_features.TestCompatibiliteCheckout" name="test_checkout_create_compatibilite" time="0.612" /><testcase classname="backend.tests.test_iteration5_features.TestCompatibiliteCheckout" name="test_compatibilite_product_in_catalog" time="0.108" /><testcase classname="backend.tests.test_iteration5_features.TestTarotCardImages" name="test_tarot_image_first_card" time="0.163" /><testcase classname="backend.tests.test_iteration5_features.TestTarotCardImages" name="test_tarot_image_all_22_cards" time="3.281" /><testcase classname="backend.tests.test_iteration5_features.TestTarotCardImages" name="test_tarot_oui_non_includes_image_url" time="0.107" /><testcase classname="backend.tests.test_iteration5_features.TestTarologieImages" name="test_tarologie_tirage_returns_images" time="0.099" /><testcase classname="backend.tests.test_iteration5_features.TestExistingFlowRegression" name="test_discount_code_astro100" time="0.112" /><testcase classname="backend.tests.test_iteration5_features.TestExistingFlowRegression" name="test_free_access_with_astro100" time="0.134" /><testcase classname="backend.tests.test_iteration5_features.TestExistingFlowRegression" name="test_pdf_generate_still_works" time="3.505" /><testcase classname="backend.tests.test_iteration5_features.TestExistingFlowRegression" name="test_products_endpoint" time="0.160" /></testsuite></testsuites>