<?xml version="1.0" encoding="utf-8"?><testsuites name="pytest tests"><testsuite name="pytest" errors="0" failures="0" skipped="0" tests="13" time="1.786" timestamp="2026-03-01T13:03:00.996743+00:00" hostname="agent-env-ad508fc9-94e6-425b-b87b-79219b47b71e"><testcase classname="backend.tests.test_iteration12_promo_codes.TestPromoCodeBackend" name="test_validate_plume2026_code_returns_valid" time="0.191" /><testcase classname="backend.tests.test_iteration12_promo_codes.TestPromoCodeBackend" name="test_validate_invalid_code_returns_invalid" time="0.160" /><testcase classname="backend.tests.test_iteration12_promo_codes.TestPromoCodeBackend" name="test_validate_astro100_code_returns_valid" time="0.122" /><testcase classname="backend.tests.test_iteration12_promo_codes.TestPromoCodeBackend" name="test_free_access_manuscrit_with_plume2026" time="0.119" /><testcase classname="backend.tests.test_iteration12_promo_codes.TestPromoCodeBackend" name="test_free_access_tarologie_with_plume2026" time="0.115" /><testcase classname="backend.tests.test_iteration12_promo_codes.TestPromoCodeBackend" name="test_free_access_livre_with_plume2026" time="0.110" /><testcase classname="backend.tests.test_iteration12_promo_codes.TestPromoCodeBackend" name="test_free_access_compatibilite_with_plume2026" time="0.107" /><testcase classname="backend.tests.test_iteration12_promo_codes.TestPromoCodeBackend" name="test_free_access_with_invalid_code_fails" time="0.104" /><testcase classname="backend.tests.test_iteration12_promo_codes.TestPromoCodeBackend" name="test_free_access_without_code_fails" time="0.103" /><testcase classname="backend.tests.test_iteration12_promo_codes.TestPromoCodeBackend" name="test_validate_code_case_insensitive" time="0.114" /><testcase classname="backend.tests.test_iteration12_promo_codes.TestPromoCodeBackend" name="test_validate_code_with_spaces" time="0.104" /><testcase classname="backend.tests.test_iteration12_promo_codes.TestRegressionAPIs" name="test_root_endpoint" time="0.137" /><testcase classname="backend.tests.test_iteration12_promo_codes.TestRegressionAPIs" name="test_products_endpoint" time="0.108" /></testsuite></testsuites>