<?xml version="1.0" encoding="utf-8"?><testsuites name="pytest tests"><testsuite name="pytest" errors="0" failures="0" skipped="0" tests="9" time="1.229" timestamp="2026-03-06T17:09:39.177085+00:00" hostname="agent-env-76e9f357-05c7-41b3-993b-875315510ce7"><testcase classname="backend.tests.test_iteration22_streak.TestStreakSystem" name="test_streak_status_requires_auth" time="0.170" /><testcase classname="backend.tests.test_iteration22_streak.TestStreakSystem" name="test_streak_status_initial" time="0.393" /><testcase classname="backend.tests.test_iteration22_streak.TestStreakSystem" name="test_checkin_requires_auth" time="0.075" /><testcase classname="backend.tests.test_iteration22_streak.TestStreakSystem" name="test_first_checkin_success" time="0.167" /><testcase classname="backend.tests.test_iteration22_streak.TestStreakSystem" name="test_second_checkin_same_day_blocked" time="0.067" /><testcase classname="backend.tests.test_iteration22_streak.TestStreakSystem" name="test_streak_status_after_checkin" time="0.073" /><testcase classname="backend.tests.test_iteration22_streak.TestStreakSystem" name="test_wallet_balance_increased" time="0.064" /><testcase classname="backend.tests.test_iteration22_streak.TestStreakSystem" name="test_transactions_show_checkin" time="0.073" /><testcase classname="backend.tests.test_iteration22_streak.TestStreakMilestones" name="test_milestone_bonuses_defined" time="0.078" /></testsuite></testsuites>