<?xml version="1.0" encoding="utf-8"?><testsuites name="pytest tests"><testsuite name="pytest" errors="0" failures="2" skipped="0" tests="9" time="4.292" timestamp="2026-03-01T14:04:30.643790+00:00" hostname="agent-env-ad508fc9-94e6-425b-b87b-79219b47b71e"><testcase classname="backend.tests.test_iteration14_design.TestBackendAPIs" name="test_health_check" time="0.176" /><testcase classname="backend.tests.test_iteration14_design.TestBackendAPIs" name="test_tarot_oui_non" time="0.166" /><testcase classname="backend.tests.test_iteration14_design.TestBackendAPIs" name="test_numerology_complete" time="2.153" /><testcase classname="backend.tests.test_iteration14_design.TestBackendAPIs" name="test_daily_horoscope" time="1.109" /><testcase classname="backend.tests.test_iteration14_design.TestBackendAPIs" name="test_promo_code_valid" time="0.134" /><testcase classname="backend.tests.test_iteration14_design.TestBackendAPIs" name="test_promo_code_invalid" time="0.112" /><testcase classname="backend.tests.test_iteration14_design.TestBackendAPIs" name="test_free_access_with_promo" time="0.108"><failure message="assert 422 == 200&#10; +  where 422 = &lt;Response [422]&gt;.status_code">backend/tests/test_iteration14_design.py:93: in test_free_access_with_promo
    assert response.status_code == 200
E   assert 422 == 200
E    +  where 422 = &lt;Response [422]&gt;.status_code</failure></testcase><testcase classname="backend.tests.test_iteration14_design.TestBackendAPIs" name="test_tarologie_tirage" time="0.140" /><testcase classname="backend.tests.test_iteration14_design.TestBackendAPIs" name="test_products_catalog" time="0.106"><failure message="assert (False or 'products' in {'chemin_ame': {'amount': 24.9, 'currency': 'eur', 'description': &quot;Votre chemin d'ame personnalise - Numerologie, previsions et guidance (PDF)&quot;, 'name': &quot;Le Chemin d'Ame&quot;}, 'compatibilite': {'amount': 29.9, 'currency': 'eur', 'description': 'Analyse de compatibilite amoureuse complete - 24 pages (PDF)', 'name': 'Compatibilite Astrale'}, 'livre': {'amount': 49.9, 'currency': 'eur', 'delivery_days': 5, 'description': 'Votre manuscrit imprime en livre relie - Livraison sous 5 jours', ...}, 'manuscrit': {'amount': 29.9, 'currency': 'eur', 'description': 'Votre theme astral professionnel complet - 28+ pages enrichies (PDF)', 'name': 'Theme Astral Professionnel'}, ...})&#10; +  where False = isinstance({'chemin_ame': {'amount': 24.9, 'currency': 'eur', 'description': &quot;Votre chemin d'ame personnalise - Numerologie, previsions et guidance (PDF)&quot;, 'name': &quot;Le Chemin d'Ame&quot;}, 'compatibilite': {'amount': 29.9, 'currency': 'eur', 'description': 'Analyse de compatibilite amoureuse complete - 24 pages (PDF)', 'name': 'Compatibilite Astrale'}, 'livre': {'amount': 49.9, 'currency': 'eur', 'delivery_days': 5, 'description': 'Votre manuscrit imprime en livre relie - Livraison sous 5 jours', ...}, 'manuscrit': {'amount': 29.9, 'currency': 'eur', 'description': 'Votre theme astral professionnel complet - 28+ pages enrichies (PDF)', 'name': 'Theme Astral Professionnel'}, ...}, list)">backend/tests/test_iteration14_design.py:124: in test_products_catalog
    assert isinstance(data, list) or "products" in data
E   assert (False or 'products' in {'chemin_ame': {'amount': 24.9, 'currency': 'eur', 'description': "Votre chemin d'ame personnalise - Numerologie, previsions et guidance (PDF)", 'name': "Le Chemin d'Ame"}, 'compatibilite': {'amount': 29.9, 'currency': 'eur', 'description': 'Analyse de compatibilite amoureuse complete - 24 pages (PDF)', 'name': 'Compatibilite Astrale'}, 'livre': {'amount': 49.9, 'currency': 'eur', 'delivery_days': 5, 'description': 'Votre manuscrit imprime en livre relie - Livraison sous 5 jours', ...}, 'manuscrit': {'amount': 29.9, 'currency': 'eur', 'description': 'Votre theme astral professionnel complet - 28+ pages enrichies (PDF)', 'name': 'Theme Astral Professionnel'}, ...})
E    +  where False = isinstance({'chemin_ame': {'amount': 24.9, 'currency': 'eur', 'description': "Votre chemin d'ame personnalise - Numerologie, previsions et guidance (PDF)", 'name': "Le Chemin d'Ame"}, 'compatibilite': {'amount': 29.9, 'currency': 'eur', 'description': 'Analyse de compatibilite amoureuse complete - 24 pages (PDF)', 'name': 'Compatibilite Astrale'}, 'livre': {'amount': 49.9, 'currency': 'eur', 'delivery_days': 5, 'description': 'Votre manuscrit imprime en livre relie - Livraison sous 5 jours', ...}, 'manuscrit': {'amount': 29.9, 'currency': 'eur', 'description': 'Votre theme astral professionnel complet - 28+ pages enrichies (PDF)', 'name': 'Theme Astral Professionnel'}, ...}, list)</failure></testcase></testsuite></testsuites>